[02/05/2018 23:43] /reload talkactions
[02/05/2018 23:48] /reload talkactions
[03/05/2018 08:24] /reload monsters
[03/05/2018 11:43] /reload globalevents
[03/05/2018 11:56] /reload globalevents
[03/05/2018 12:11] /reload globalevents
[03/05/2018 12:11] /reload globalevents
[03/05/2018 13:20] /reload globalevents
[03/05/2018 13:30] /reload globalevents
[03/05/2018 13:30] /reload globalevents
[03/05/2018 13:34] /reload globalevents
[03/05/2018 13:35] /reload globalevents
[03/05/2018 13:35] /reload globalevents
[03/05/2018 13:50] /reload globalevents
[03/05/2018 13:54] /reload talkactions
[03/05/2018 13:58] /reload globalevents
[03/05/2018 14:00] /reload globalevents
[03/05/2018 14:08] /reload globalevents
[03/05/2018 14:11] /reload globalevents
[03/05/2018 14:12] /reload globalevents
[03/05/2018 14:14] /reload globalevents
[03/05/2018 14:15] /reload globalevents
[03/05/2018 14:16] /reload globalevents
[03/05/2018 14:18] /reload globalevents
[03/05/2018 14:19] /reload globalevents
[03/05/2018 16:34] /reload libs
[03/05/2018 16:34] /reload lib
[03/05/2018 16:38] /reload talkactions
[03/05/2018 17:15] /reload talkactions
[03/05/2018 17:15] /reload talkactions
[03/05/2018 17:15] /reload talkactions
[03/05/2018 17:16] /reload talkactions
[03/05/2018 17:16] /reload talkactions
[03/05/2018 17:17] /reload talkactions
[03/05/2018 17:18] /reload talkactions
[03/05/2018 17:18] /reload talkactions
[03/05/2018 17:54] /reload monsters
[03/05/2018 17:56] /reload monsters
[03/05/2018 21:01] /reload creaturescripts
[03/05/2018 21:16] /reload talkactions
[03/05/2018 21:18] /reload talkactions
[03/05/2018 22:18] /reload monsters
[03/05/2018 22:20] /reload monsters
[03/05/2018 22:33] /reload monsters
[03/05/2018 22:33] /reload monsters
[03/05/2018 22:34] /reload monsters
[03/05/2018 22:35] /reload monsters
[03/05/2018 22:35] /reload monsters
[03/05/2018 22:36] /reload monsters
[03/05/2018 22:36] /reload monsters
[03/05/2018 22:53] /reload creaturescripts
[03/05/2018 22:55] /reload monsters
[03/05/2018 22:57] /reload creaturescripts
[03/05/2018 22:58] /reload channels
[03/05/2018 23:20] /reload talkactions
[03/05/2018 23:20] /reload talkactions
[03/05/2018 23:21] /reload talkactions
[03/05/2018 23:24] /reload talkactions
[03/05/2018 23:25] /reload talkactions
[03/05/2018 23:25] /reload talkactions
[03/05/2018 23:28] /reload talkactions
[03/05/2018 23:29] /reload talkactions
[03/05/2018 23:31] /reload talkactions
[04/05/2018 07:35] /reload spells
[04/05/2018 07:36] /reload spells
[04/05/2018 07:36] /reload spells
[04/05/2018 07:36] /reload spells
[04/05/2018 07:43] /reload spells
[04/05/2018 07:44] /reload spells
[04/05/2018 07:46] /reload spells
[04/05/2018 07:46] /reload monsters
[04/05/2018 07:48] /reload spells
[04/05/2018 07:50] /reload spells
[04/05/2018 07:50] /reload monsters
[04/05/2018 07:51] /reload spells
[04/05/2018 07:51] /reload monsters
[04/05/2018 07:52] /reload monsters
[04/05/2018 07:52] /reload spells
[04/05/2018 07:53] /reload spells
[04/05/2018 07:58] /reload spells
[04/05/2018 08:01] /reload spells
[04/05/2018 08:03] /reload spells
[04/05/2018 08:04] /reload monsters
[04/05/2018 08:06] /reload spells
[04/05/2018 08:07] /reload spells
[04/05/2018 08:09] /reload spells
[04/05/2018 08:10] /reload spells
[04/05/2018 08:11] /reload spells
[04/05/2018 08:12] /reload spells
[04/05/2018 08:13] /reload spells
[04/05/2018 08:14] /reload spells
[04/05/2018 08:16] /reload spells
[04/05/2018 08:18] /reload monsters
[04/05/2018 08:19] /reload spells
[04/05/2018 08:19] /reload monsters
[04/05/2018 08:24] /reload monsters
[04/05/2018 08:24] /reload creaturescripts
[04/05/2018 08:24] /reload creaturescripts
[04/05/2018 08:25] /reload creaturescripts
[04/05/2018 08:26] /reload spells
[04/05/2018 08:26] /reload creaturescirpts
[04/05/2018 08:26] /reload creaturescripts
[04/05/2018 08:28] /reload creaturescripts
[04/05/2018 08:33] /reload creaturescripts
[04/05/2018 08:34] /reload creaturescripts
[04/05/2018 08:37] /reload spells
[04/05/2018 08:38] /reload spells
[04/05/2018 08:38] /reload spells
[04/05/2018 08:40] /reload monsters
[04/05/2018 11:21] /reload talkactions
[04/05/2018 11:21] /reload talkactions
[05/05/2018 15:08] /reload globalevents
[05/05/2018 15:10] /reload globalevents
[05/05/2018 15:10] /reload globalevents
[05/05/2018 15:14] /reload globalevents
[05/05/2018 15:20] /reload globalevents
[05/05/2018 15:22] /reload globalevents
[05/05/2018 15:24] /reload globalevents
[05/05/2018 15:28] /reload events
[06/05/2018 10:07] /reload actions
[06/05/2018 10:07] /reload actions
[06/05/2018 10:10] /reload actions
[06/05/2018 10:11] /reload actions
[06/05/2018 10:12] /reload actions
[06/05/2018 10:17] /reload actions
[06/05/2018 10:19] /reload actions
[06/05/2018 10:42] /reload actions
[06/05/2018 10:46] /reload actions
[06/05/2018 10:54] /reload actions
[06/05/2018 10:56] /reload actions
[06/05/2018 16:02] /reload npcs
[06/05/2018 16:08] /reload npcs
[06/05/2018 16:10] /reload npcs
[06/05/2018 16:11] /reload npcs
[06/05/2018 16:20] /reload monsters
[06/05/2018 16:20] /reload creaturescripts
[06/05/2018 16:21] /reload creaturescripts
[06/05/2018 16:34] /reload creaturescripts
[06/05/2018 16:38] /reload creaturescripts
[06/05/2018 16:45] /reload creaturescripts
[06/05/2018 16:52] /reload creaturescripts
[06/05/2018 16:58] /reload creaturescripts
[06/05/2018 17:16] /reload creaturescripts
[06/05/2018 17:17] /reload creaturescripts
[06/05/2018 17:17] /reload creaturescripts
[06/05/2018 17:20] /reload creaturescripts
[06/05/2018 17:21] /reload creaturescripts
[06/05/2018 17:22] /reload creaturescripts
[06/05/2018 17:22] /reload creaturescripts
[06/05/2018 17:23] /reload creaturescripts
[06/05/2018 17:28] /reload creaturescripts
[06/05/2018 17:28] /reload creaturescripts
[06/05/2018 17:51] /reload creaturescripts
[06/05/2018 17:52] /reload creaturescripts
[06/05/2018 17:53] /reload creaturescripts
[06/05/2018 17:55] /reload creaturescripts
[06/05/2018 17:59] /reload creaturescripts
[06/05/2018 18:01] /reload creaturescripts
[06/05/2018 18:01] /reload creaturescripts
[06/05/2018 18:03] /reload creaturescripts
[06/05/2018 18:03] /reload creaturescripts
[06/05/2018 18:03] /reload creaturescripts
[06/05/2018 18:04] /reload creaturescripts
[06/05/2018 18:05] /reload creaturescripts
[06/05/2018 18:10] /reload creaturescripts
[06/05/2018 18:12] /reload creaturescripts
[06/05/2018 18:16] /reload creaturescripts
[06/05/2018 18:16] /reload creaturescripts
[06/05/2018 18:21] /reload creaturescripts
[06/05/2018 18:27] /reload creaturescripts
[06/05/2018 18:29] /reload creaturescripts
[06/05/2018 18:31] /reload creaturescripts
[06/05/2018 18:32] /reload creaturescripts
[06/05/2018 18:33] /reload creaturescripts
[06/05/2018 21:05] /reload spells
[06/05/2018 22:34] /reload creaturescripts
[06/05/2018 22:35] /reload actions
[06/05/2018 22:35] /reload actions
[06/05/2018 22:59] /reload creaturescripts
[06/05/2018 23:00] /reload creaturescripts
[06/05/2018 23:02] /reload creaturescripts
[06/05/2018 23:04] /reload creaturescripts
[06/05/2018 23:14] /reload creaturescripts
[07/05/2018 07:50] /reload creaturescripts
[07/05/2018 07:51] /reload actions
[07/05/2018 07:51] /reload creaturescripts
[07/05/2018 07:54] /reload creaturescripts
[07/05/2018 07:55] /reload creaturescripts
[07/05/2018 07:57] /reload creaturescripts
[07/05/2018 07:57] /reload creaturescripts
[07/05/2018 07:57] /reload creaturescripts
[07/05/2018 07:58] /reload creaturescripts
[07/05/2018 08:05] /reload creaturescripts
[07/05/2018 08:06] /reload creaturescripts
[07/05/2018 08:06] /reload creaturescripts
[07/05/2018 08:08] /reload creaturescripts
[07/05/2018 08:08] /reload creaturescripts
[07/05/2018 08:09] /reload creaturescripts
[07/05/2018 08:10] /reload creaturescripts
[07/05/2018 08:13] /reload monsters
[07/05/2018 08:14] /reload talkactions
[07/05/2018 08:34] /reload creaturescripts
[07/05/2018 08:40] /reload creaturescripts
[07/05/2018 08:43] /reload talkactions
[07/05/2018 08:43] /reload creaturescripts
[07/05/2018 08:45] /reload creaturescripts
[07/05/2018 08:45] /reload talkactions
[07/05/2018 08:45] /reload talkactions
[07/05/2018 08:46] /reload talkactions
[07/05/2018 08:46] /reload talkactions
[07/05/2018 08:47] /reload talkactions
[07/05/2018 08:48] /reload talkactions
[07/05/2018 08:53] /reload talkactions
[07/05/2018 08:54] /reload talkactions
[07/05/2018 08:55] /reload talkactions
[07/05/2018 09:04] /reload creaturescripts
[07/05/2018 09:11] /reload talkactions
[07/05/2018 12:03] /reload actions
[07/05/2018 12:04] /reload actions
[07/05/2018 12:05] /reload actions
[07/05/2018 12:06] /reload actions
[07/05/2018 12:06] /reload actions
[07/05/2018 12:06] /reload actions
[07/05/2018 12:06] /reload actions
[07/05/2018 12:07] /reload actions
[07/05/2018 12:08] /reload actions
[07/05/2018 12:08] /reload actions
[07/05/2018 12:09] /reload actions
[07/05/2018 12:12] /reload actions
[07/05/2018 12:13] /reload actions
[07/05/2018 12:14] /reload actions
[07/05/2018 12:16] /reload actions
[07/05/2018 12:17] /reload actions
[07/05/2018 12:19] /reload actions
[07/05/2018 12:19] /reload actions
[07/05/2018 12:20] /reload actions
[07/05/2018 12:22] /reload actions
[07/05/2018 12:23] /reload actions
[07/05/2018 12:23] /reload actions
[07/05/2018 12:24] /reload actions
[07/05/2018 13:30] /reload actions
[07/05/2018 13:33] /reload actions
[07/05/2018 13:37] /reload actions
[08/05/2018 07:15] /reload talkactions
[08/05/2018 07:17] /reload talkactions
[08/05/2018 07:21] /reload spells
[08/05/2018 07:22] /reload spells
[08/05/2018 07:22] /reload spells
[08/05/2018 07:23] /reload spells
[08/05/2018 07:29] /reload spells
[08/05/2018 07:31] /reload spells
[08/05/2018 07:31] /reload spells
[08/05/2018 07:32] /reload spells
[08/05/2018 07:32] /reload spells
[08/05/2018 07:33] /reload spells
[08/05/2018 07:34] /reload spells
[08/05/2018 07:34] /reload spells
[08/05/2018 07:34] /reload spells
[08/05/2018 07:35] /reload spells
[08/05/2018 07:35] /reload spells
[08/05/2018 07:36] /reload spells
[08/05/2018 07:51] /reload spells
[08/05/2018 07:56] /reload global
[08/05/2018 07:57] /reload spells
[08/05/2018 07:58] /reload spells
[08/05/2018 07:58] /reload spells
[08/05/2018 08:03] /reload spells
[08/05/2018 08:06] /reload spells
[08/05/2018 08:16] /reload spells
[08/05/2018 08:19] /reload spells
[08/05/2018 08:19] /reload spells
[08/05/2018 08:20] /reload spells
[08/05/2018 08:20] /reload spells
[08/05/2018 08:21] /reload spells
[08/05/2018 08:22] /reload spells
[08/05/2018 08:25] /reload spells
[08/05/2018 08:25] /reload spells
[08/05/2018 08:26] /reload spells
[08/05/2018 08:30] /reload globals
[08/05/2018 08:30] /reload global
[08/05/2018 08:30] /reload spells
[08/05/2018 08:32] /reload spells
[08/05/2018 09:00] /reload spells
[08/05/2018 09:01] /reload spells
[08/05/2018 09:02] /reload spells
[08/05/2018 09:02] /reload spells
[08/05/2018 09:03] /reload spells
[08/05/2018 09:04] /reload spells
[08/05/2018 09:08] /reload spells
[08/05/2018 09:11] /reload talkactions
[08/05/2018 09:12] /reload talkactions
[08/05/2018 09:13] /reload talkactions
[08/05/2018 09:14] /reload talkactions
[08/05/2018 09:15] /reload talkactions
[08/05/2018 09:16] /reload talkactions
[08/05/2018 09:17] /reload talkactions
[08/05/2018 09:17] /reload talkactions
[08/05/2018 09:18] /reload talkactions
[08/05/2018 09:20] /reload spells
[08/05/2018 09:20] /reload spells
[08/05/2018 09:21] /reload spells
[08/05/2018 09:28] /reload spells
[08/05/2018 09:28] /reload spells
[08/05/2018 11:18] /reload actions
[08/05/2018 18:12] /reload spells
[08/05/2018 18:12] /reload spells
[08/05/2018 18:18] /reload spells
[08/05/2018 18:19] /reload spells
[08/05/2018 18:20] /reload spells
[09/05/2018 07:40] /reload actions
[09/05/2018 07:48] /reload creaturescripts
[09/05/2018 07:51] /reload actions
[09/05/2018 08:56] /reload actions
[09/05/2018 08:56] /reload creaturescripts
[09/05/2018 08:58] /reload creaturescripts
[09/05/2018 08:58] /reload creaturescripts
[09/05/2018 08:59] /reload actions
[09/05/2018 09:02] /reload creaturescripts
[09/05/2018 12:20] /reload npcs
[09/05/2018 12:32] /reload actions
[09/05/2018 16:33] /reload creaturescripts
[09/05/2018 16:33] /reload creaturescripts
[09/05/2018 16:44] /reload creaturescripts
[09/05/2018 16:45] /reload creaturescripts
[09/05/2018 16:45] /reload creaturescripts
[09/05/2018 16:51] /reload globals
[09/05/2018 16:58] /reload creaturescripts
[09/05/2018 16:59] /reload creaturescripts
[09/05/2018 17:01] /reload creaturescripts
[09/05/2018 17:02] /reload creaturescripts
[09/05/2018 17:07] /reload creaturescripts
[09/05/2018 17:08] /reload creaturescripts
[09/05/2018 17:10] /reload creaturescripts
[09/05/2018 17:12] /reload creaturescripts
[09/05/2018 17:12] /reload creaturescripts
[09/05/2018 17:13] /reload creaturescripts
[09/05/2018 17:13] /reload creaturescripts
[09/05/2018 17:15] /reload creaturescripts
[09/05/2018 17:15] /reload creaturescripts
[09/05/2018 17:16] /reload creaturescripts
[09/05/2018 17:18] /reload creaturescripts
[09/05/2018 17:21] /reload creaturescripts
[09/05/2018 17:25] /reload creaturescripts
[09/05/2018 17:31] /reload creaturescripts
[09/05/2018 17:31] /reload globalevents
[09/05/2018 17:33] /reload globalevents
[09/05/2018 17:34] /reload globalevents
[09/05/2018 17:35] /reload globalevents
[09/05/2018 17:35] /reload globalevents
[09/05/2018 17:35] /reload globalevents
[09/05/2018 17:36] /reload globalevents
[09/05/2018 17:36] /reload creaturescripts
[09/05/2018 17:38] /reload creaturescripts
[09/05/2018 17:38] /reload creaturescripts
[09/05/2018 17:38] /reload creaturescripts
[09/05/2018 17:40] /reload creaturescripts
[09/05/2018 17:41] /reload creaturescripts
[09/05/2018 17:42] /reload creaturescripts
[09/05/2018 17:45] /reload creaturescripts
[09/05/2018 19:24] /reload creaturescripts
[09/05/2018 19:56] /reload talkactions
[09/05/2018 19:57] /reload talkactions
[09/05/2018 19:58] /reload talkactions
[09/05/2018 19:59] /reload talkactions
[09/05/2018 20:00] /reload talkactions
[09/05/2018 20:01] /reload talkactions
[09/05/2018 20:02] /reload talkactions
[09/05/2018 20:03] /reload talkactions
[09/05/2018 21:28] /reload talkactions
[09/05/2018 21:28] /reload talkactions
[09/05/2018 21:29] /reload talkactions
[09/05/2018 21:32] /reload talkactions
[09/05/2018 21:32] /reload talkactions
[09/05/2018 21:33] /reload talkactions
[09/05/2018 21:35] /reload talkactions
[09/05/2018 21:45] /reload talkactions
[09/05/2018 21:46] /reload talkactions
[09/05/2018 21:50] /reload talkactions
[09/05/2018 21:54] /reload talkactions
[09/05/2018 21:54] /reload talkactions
[09/05/2018 21:56] /reload talkactions
[10/05/2018 08:32] /reload talkactions
[10/05/2018 08:33] /reload talkactions
[10/05/2018 08:33] /reload talkactions
[10/05/2018 08:34] /reload talkactions
[10/05/2018 09:18] /reload talkactions
[10/05/2018 09:20] /reload talkactions
[10/05/2018 09:21] /reload talkactions
[10/05/2018 09:22] /reload talkactions
[10/05/2018 09:24] /reload talkactions
[10/05/2018 09:28] /reload talkactions
[10/05/2018 09:28] /reload talkactions
[10/05/2018 09:30] /reload talkactions
[10/05/2018 09:31] /reload talkactions
[10/05/2018 09:31] /reload talkactions
[10/05/2018 09:33] /reload talkactions
[10/05/2018 09:33] /reload talkactions
[10/05/2018 09:37] /reload talkactions
[10/05/2018 09:38] /reload talkactions
[10/05/2018 09:38] /reload talkactions
[10/05/2018 09:40] /reload talkactions
[10/05/2018 09:41] /reload talkactions
[10/05/2018 09:45] /reload talkactions
[10/05/2018 09:46] /reload talkactions
[10/05/2018 09:53] /reload talkactions
[10/05/2018 09:54] /reload talkactions
[10/05/2018 09:54] /reload talkactions
[10/05/2018 09:59] /reload talkactions
[10/05/2018 09:59] /reload talkactions
[10/05/2018 09:59] /reload talkactions
[10/05/2018 10:00] /reload talkactions
[10/05/2018 10:01] /reload talkactions
[10/05/2018 10:01] /reload talkactions
[10/05/2018 10:04] /reload talkactions
[10/05/2018 10:10] /reload talkactions
[10/05/2018 10:11] /reload talkactions
[10/05/2018 10:12] /reload talkactions
[10/05/2018 10:12] /reload talkactions
[10/05/2018 10:13] /reload talkactions
[10/05/2018 10:14] /reload talkactions
[10/05/2018 10:14] /reload talkactions
[10/05/2018 10:16] /reload talkactions
[10/05/2018 10:16] /reload talkactions
[10/05/2018 10:16] /reload talkactions
[10/05/2018 10:16] /reload talkactions
[10/05/2018 10:17] /reload talkactions
[10/05/2018 10:18] /reload talkactions
[10/05/2018 10:20] /reload talkactions
[10/05/2018 10:25] /reload talkactions
[10/05/2018 10:25] /reload talkactions
[10/05/2018 10:25] /reload talkactions
[10/05/2018 10:28] /reload talkactions
[10/05/2018 10:29] /reload talkactions
[10/05/2018 10:29] /reload talkactions
[10/05/2018 10:32] /reload talkactions
[10/05/2018 10:32] /reload talkactions
[10/05/2018 10:33] /reload talkactions
[10/05/2018 10:33] /reload talkactions
[10/05/2018 10:34] /reload talkactions
[10/05/2018 10:35] /reload talkactions
[10/05/2018 10:35] /reload talkactions
[10/05/2018 10:36] /reload talkactions
[10/05/2018 10:37] /reload talkactions
[10/05/2018 10:37] /reload talkactions
[10/05/2018 10:38] /reload talkactions
[10/05/2018 10:38] /reload talkactions
[10/05/2018 10:41] /reload talkactions
[10/05/2018 10:42] /reload talkactions
[10/05/2018 10:42] /reload talkactions
[10/05/2018 10:44] /reload talkactions
[10/05/2018 10:47] /reload talkactions
[10/05/2018 10:49] /reload talkactions
[10/05/2018 10:49] /reload talkactions
[10/05/2018 10:49] /reload talkactions
[10/05/2018 10:49] /reload talkactions
[10/05/2018 10:53] /reload talkactions
[10/05/2018 10:53] /reload talkactions
[10/05/2018 10:53] /reload talkactions
[10/05/2018 10:54] /reload talkactions
[10/05/2018 10:54] /reload talkactions
[10/05/2018 10:54] /reload talkactions
[10/05/2018 10:54] /reload talkactions
[10/05/2018 10:55] /reload talkactions
[10/05/2018 10:55] /reload talkactions
[10/05/2018 11:09] /reload talkactions
[10/05/2018 11:11] /reload talkactions
[10/05/2018 11:12] /reload talkactions
[10/05/2018 11:12] /reload talkactions
[10/05/2018 11:13] /reload talkactions
[10/05/2018 11:15] /reload talkactions
[10/05/2018 11:16] /reload talkactions
[10/05/2018 11:16] /reload talkactions
[10/05/2018 11:16] /reload talkactions
[10/05/2018 11:18] /reload talkactions
[10/05/2018 11:21] /reload talkactions
[10/05/2018 11:24] /reload talkactions
[10/05/2018 11:25] /reload talkactions
[10/05/2018 11:28] /reload talkactions
[10/05/2018 11:30] /reload talkactions
[10/05/2018 11:33] /reload talkactions
[10/05/2018 11:36] /reload talkactions
[10/05/2018 11:36] /reload creaturescripts
[10/05/2018 11:37] /reload talkactions
[10/05/2018 11:41] /reload talkactions
[10/05/2018 11:57] /reload talkactions
[10/05/2018 11:57] /reload talkactions
[10/05/2018 11:57] /reload talkactions
[10/05/2018 11:59] /reload talkactions
[10/05/2018 12:00] /reload talkactions
[10/05/2018 12:04] /reload talkactions
[10/05/2018 12:11] /reload talkactions
[10/05/2018 12:13] /reload talkactions
[10/05/2018 12:15] /reload talkactions
[10/05/2018 12:15] /reload talkactions
[10/05/2018 12:16] /reload talkactions
[10/05/2018 12:20] /reload talkactions
[10/05/2018 12:21] /reload talkactions
[10/05/2018 12:22] /reload talkactions
[10/05/2018 12:33] /reload talkactions
[10/05/2018 12:49] /reload talkactions
[10/05/2018 12:50] /reload talkactions
[10/05/2018 12:51] /reload talkactions
[10/05/2018 12:52] /reload talkactions
[10/05/2018 12:54] /reload talkactions
[10/05/2018 12:54] /reload talkactions
[10/05/2018 12:56] /reload talkactions
[10/05/2018 13:02] /reload talkactions
[10/05/2018 13:05] /reload talkactions
[10/05/2018 13:09] /reload talkactions
[10/05/2018 13:12] /reload talkactions
[10/05/2018 13:13] /reload talkactions
[10/05/2018 13:14] /reload talkactions
[10/05/2018 13:14] /reload talkactions
[10/05/2018 13:18] /reload talkactions
[10/05/2018 13:19] /reload talkactions
[10/05/2018 13:20] /reload talkactions
[10/05/2018 13:21] /reload talkactions
[10/05/2018 13:22] /reload talkactions
[10/05/2018 13:27] /reload talkactions
[10/05/2018 13:28] /reload talkactions
[10/05/2018 13:28] /reload talkactions
[10/05/2018 13:30] /reload talkactions
[10/05/2018 13:31] /reload talkactions
[10/05/2018 13:33] /reload talkactions
[10/05/2018 17:18] /reload talkactions
[10/05/2018 17:18] /reload talkactions
[10/05/2018 17:20] /reload talkactions
[10/05/2018 17:20] /reload talkactions
[10/05/2018 17:21] /reload talkactions
[10/05/2018 17:24] /reload talkactions
[10/05/2018 17:25] /reload talkactions
[10/05/2018 17:25] /reload talkactions
[10/05/2018 17:26] /reload talkactions
[10/05/2018 17:27] /reload talkactions
[10/05/2018 17:31] /reload talkactions
[10/05/2018 17:31] /reload talkactions
[10/05/2018 17:31] /reload talkactions
[10/05/2018 17:31] /reload talkactions
[10/05/2018 17:32] /reload talkactions
[10/05/2018 17:34] /reload talkactions
[10/05/2018 17:35] /reload talkactions
[10/05/2018 17:36] /reload talkactions
[10/05/2018 17:37] /reload talkactions
[10/05/2018 17:37] /reload talkactions
[10/05/2018 17:38] /reload talkactions
[10/05/2018 19:54] /reload talkactions
[10/05/2018 20:22] /reload talkactions
[10/05/2018 20:23] /reload talkactions
[10/05/2018 20:29] /reload talkactions
[10/05/2018 20:30] /reload talkactions
[10/05/2018 20:51] /reload talkactions
[10/05/2018 20:52] /reload talkactions
[10/05/2018 20:52] /reload talkactions
[10/05/2018 21:29] /reload talkactions
[10/05/2018 21:33] /reload talkactions
[10/05/2018 21:35] /reload talkactions
[10/05/2018 21:37] /reload talkactions
[10/05/2018 21:38] /reload talkactions
[10/05/2018 21:39] /reload talkactions
[10/05/2018 21:39] /reload talkactions
[10/05/2018 21:41] /reload talkactions
[10/05/2018 21:47] /reload talkactions
[10/05/2018 21:48] /reload talkactions
[10/05/2018 21:48] /reload talkactions
[10/05/2018 21:49] /reload talkactions
[10/05/2018 21:53] /reload talkactions
[10/05/2018 21:54] /reload talkactions
[10/05/2018 21:56] /reload talkactions
[10/05/2018 21:56] /reload talkactions
[10/05/2018 21:58] /reload talkactions
[10/05/2018 21:59] /reload talkactions
[11/05/2018 07:12] /reload talkactions
[11/05/2018 07:13] /reload talkactions
[11/05/2018 07:15] /reload talkactions
[11/05/2018 07:15] /reload talkactions
[11/05/2018 07:17] /reload talkactions
[11/05/2018 07:19] /reload talkactions
[11/05/2018 07:19] /reload talkactions
[11/05/2018 07:20] /reload talkactions
[11/05/2018 07:21] /reload talkactions
[11/05/2018 07:22] /reload talkactions
[11/05/2018 07:22] /reload talkactions
[11/05/2018 07:23] /reload talkactions
[11/05/2018 07:24] /reload talkactions
[11/05/2018 07:26] /reload talkactions
[11/05/2018 07:27] /reload talkactions
[11/05/2018 07:28] /reload talkactions
[11/05/2018 07:28] /reload talkactions
[11/05/2018 07:31] /reload talkactions
[11/05/2018 07:31] /reload talkactions
[11/05/2018 07:32] /reload talkactions
[11/05/2018 07:33] /reload talkactions
[11/05/2018 07:35] /reload talkactions
[11/05/2018 07:36] /reload talkactions
[11/05/2018 07:37] /reload talkactions
[11/05/2018 07:44] /reload talkactions
[11/05/2018 07:47] /reload talkactions
[11/05/2018 07:47] /reload talkactions
[11/05/2018 07:47] /reload talkactions
[11/05/2018 07:48] /reload talkactions
[11/05/2018 07:49] /reload talkactions
[11/05/2018 07:50] /reload talkactions
[11/05/2018 07:50] /reload talkactions
[11/05/2018 07:50] /reload talkactions
[11/05/2018 07:50] /reload talkactions
[11/05/2018 07:50] /reload talkactions
[11/05/2018 07:50] /reload talkactions
[11/05/2018 07:50] /reload talkactions
[11/05/2018 07:56] /reload talkactions
[11/05/2018 07:57] /reload talkactions
[11/05/2018 07:57] /reload talkactions
[11/05/2018 07:59] /reload talkactions
[11/05/2018 08:00] /reload talkactions
[11/05/2018 08:02] /reload talkactions
[11/05/2018 08:04] /reload talkactions
[11/05/2018 08:04] /reload talkactions
[11/05/2018 08:04] /reload talkactions
[11/05/2018 08:07] /reload talkactions
[11/05/2018 08:09] /reload talkactions
[11/05/2018 08:10] /reload talkactions
[11/05/2018 08:11] /reload talkactions
[11/05/2018 08:12] /reload talkactions
[11/05/2018 08:13] /reload talkactions
[11/05/2018 08:15] /reload talkactions
[11/05/2018 08:15] /reload globals
[11/05/2018 08:16] /reload global
[11/05/2018 08:23] /reload talkactions
[11/05/2018 08:24] /reload global
[11/05/2018 08:24] /reload talkactions
[11/05/2018 08:25] /reload talkactions
[11/05/2018 08:28] /reload talkactions
[11/05/2018 08:34] /reload talkactions
[11/05/2018 08:34] /reload talkactions
[11/05/2018 08:35] /reload talkactions
[11/05/2018 08:35] /reload talkactions
[11/05/2018 08:36] /reload talkactions
[11/05/2018 08:36] /reload talkactions
[11/05/2018 08:37] /reload talkactions
[11/05/2018 08:37] /reload talkactions
[11/05/2018 08:40] /reload talkactions
[11/05/2018 08:40] /reload talkactions
[11/05/2018 08:40] /reload talkactions
[11/05/2018 08:40] /reload talkactions
[11/05/2018 08:41] /reload talkactions
[11/05/2018 08:41] /reload talkactions
[11/05/2018 08:45] /reload talkactions
[11/05/2018 08:46] /reload talkactions
[11/05/2018 08:47] /reload talkactions
[11/05/2018 08:47] /reload talkactions
[11/05/2018 08:48] /reload talkactions
[11/05/2018 08:48] /reload global
[11/05/2018 09:00] /reload talkactions
[11/05/2018 09:05] /reload talkactions
[11/05/2018 09:09] /reload talkactions
[11/05/2018 09:09] /reload global
[11/05/2018 09:09] /reload talkactions
[11/05/2018 12:37] /reload talkactions
[11/05/2018 12:38] /reload talkactions
[11/05/2018 12:39] /reload talkactions
[11/05/2018 12:40] /reload talkactions
[11/05/2018 12:41] /reload talkactions
[11/05/2018 12:42] /reload talkactions
[11/05/2018 12:43] /reload talkactions
[11/05/2018 12:45] /reload talkactions
[11/05/2018 12:46] /reload talkactions
[11/05/2018 12:47] /reload talkactions
[11/05/2018 12:47] /reload talkactions
[11/05/2018 12:49] /reload talkactions
[11/05/2018 12:50] /reload talkactions
[11/05/2018 12:52] /reload talkactions
[11/05/2018 12:54] /reload talkactions
[11/05/2018 12:55] /reload talkactions
[11/05/2018 12:56] /reload talkactions
[11/05/2018 12:57] /reload talkactions
[11/05/2018 13:00] /reload talkactions
[11/05/2018 13:02] /reload talkactions
[11/05/2018 13:03] /reload talkactions
[11/05/2018 13:04] /reload talkactions
[11/05/2018 13:05] /reload talkactions
[11/05/2018 13:41] /reload talkactions
[11/05/2018 13:42] /reload talkactions
[11/05/2018 13:45] /reload talkactions
[11/05/2018 13:47] /reload talkactions
[11/05/2018 16:34] /reload talkactions
[11/05/2018 16:34] /reload talkactions
[11/05/2018 16:35] /reload talkactions
[11/05/2018 16:36] /reload talkactions
[11/05/2018 16:39] /reload talkactions
[11/05/2018 16:39] /reload talkactions
[11/05/2018 16:41] /reload talkactions
[11/05/2018 16:41] /reload talkactions
[11/05/2018 17:03] /reload talkactions
[11/05/2018 17:04] /reload talkactions
[11/05/2018 17:09] /reload talkactions
[11/05/2018 17:10] /reload talkactions
[11/05/2018 17:14] /reload talkactions
[11/05/2018 17:15] /reload talkactions
[11/05/2018 17:15] /reload talkactions
[11/05/2018 17:17] /reload talkactions
[11/05/2018 17:17] /reload talkactions
[11/05/2018 17:17] /reload talkactions
[11/05/2018 17:17] /reload talkactions
[11/05/2018 17:18] /reload talkactions
[11/05/2018 17:18] /reload talkactions
[11/05/2018 17:18] /reload talkactions
[11/05/2018 17:18] /reload talkactions
[11/05/2018 17:18] /reload talkactions
[11/05/2018 17:19] /reload talkactions
[11/05/2018 17:19] /reload talkactions
[11/05/2018 17:19] /reload talkactions
[11/05/2018 17:20] /reload talkactions
[11/05/2018 17:21] /reload talkactions
[11/05/2018 17:23] /reload talkactions
[11/05/2018 17:24] /reload talkactions
[11/05/2018 17:29] /reload talkactions
[11/05/2018 17:31] /reload talkactions
[11/05/2018 19:19] /reload talkactions
[11/05/2018 19:20] /reload talkactions
[11/05/2018 19:21] /reload talkactions
[11/05/2018 19:24] /reload talkactions
[11/05/2018 19:25] /reload talkactions
[11/05/2018 19:28] /reload talkactions
[11/05/2018 19:29] /reload talkactions
[11/05/2018 19:30] /reload talkactions
[13/05/2018 09:37] /reload talkactions
[13/05/2018 09:37] /reload talkactions
[13/05/2018 09:39] /reload talkactions
[13/05/2018 09:39] /reload talkactions
[13/05/2018 09:40] /reload talkactions
[13/05/2018 09:40] /reload talkactions
[13/05/2018 09:41] /reload talkactions
[13/05/2018 09:42] /reload talkactions
[13/05/2018 09:43] /reload talkactions
[13/05/2018 09:44] /reload talkactions
[13/05/2018 09:45] /reload talkactions
[13/05/2018 09:45] /reload talkactions
[13/05/2018 09:46] /reload talkactions
[13/05/2018 09:48] /reload talkactions
[13/05/2018 09:49] /reload talkactions
[13/05/2018 09:49] /reload talkactions
[13/05/2018 09:50] /reload talkactions
[13/05/2018 09:51] /reload talkactions
[13/05/2018 09:52] /reload talkactions
[13/05/2018 09:52] /reload talkactions
[13/05/2018 09:53] /reload talkactions
[13/05/2018 09:56] /reload talkactions
[13/05/2018 09:57] /reload talkactions
[13/05/2018 09:58] /reload talkactions
[13/05/2018 09:58] /reload talkactions
[13/05/2018 09:59] /reload talkactions
[13/05/2018 09:59] /reload talkactions
[13/05/2018 10:01] /reload talkactions
[13/05/2018 10:01] /reload talkactions
[13/05/2018 10:01] /reload talkactions
[13/05/2018 10:02] /reload talkactions
[13/05/2018 11:16] /reload talkactions
[13/05/2018 11:16] /reload talkactions
[13/05/2018 11:16] /reload talkactions
[13/05/2018 11:17] /reload talkactions
[13/05/2018 11:21] /reload talkactions
[13/05/2018 11:24] /reload talkactions
[13/05/2018 11:25] /reload talkactions
[13/05/2018 11:25] /reload talkactions
[13/05/2018 11:26] /reload talkactions
[13/05/2018 11:28] /reload talkactions
[13/05/2018 11:30] /reload talkactions
[13/05/2018 11:31] /reload talkactions
[13/05/2018 22:38] /reload talkactions
[13/05/2018 22:39] /reload talkactions
[13/05/2018 22:40] /reload talkactions
[13/05/2018 22:40] /reload talkactions
[13/05/2018 22:41] /reload talkactions
[13/05/2018 22:41] /reload talkactions
[13/05/2018 22:42] /reload talkactions
[13/05/2018 22:43] /reload talkactions
[13/05/2018 22:44] /reload talkactions
[13/05/2018 22:46] /reload talkactions
[13/05/2018 22:47] /reload talkactions
[13/05/2018 22:48] /reload talkactions
[13/05/2018 22:52] /reload talkactions
[13/05/2018 22:53] /reload talkactions
[13/05/2018 22:53] /reload talkactions
[13/05/2018 22:55] /reload talkactions
[13/05/2018 22:56] /reload talkactions
[13/05/2018 22:57] /reload talkactions
[13/05/2018 22:58] /reload talkactions
[13/05/2018 22:59] /reload talkactions
[13/05/2018 23:00] /reload talkactions
[13/05/2018 23:01] /reload talkactions
[13/05/2018 23:01] /reload talkactions
[14/05/2018 10:35] /reload spells
[14/05/2018 12:46] /reload creaturescripts
[14/05/2018 12:57] /reload spells
[14/05/2018 13:00] /reload spells
[14/05/2018 13:01] /reload spells
[14/05/2018 13:01] /reload spells
[14/05/2018 13:01] /reload spells
[14/05/2018 13:03] /reload spells
[14/05/2018 13:03] /reload spells
[14/05/2018 13:04] /reload spells
[14/05/2018 13:05] /reload spells
[14/05/2018 13:06] /reload spells
[14/05/2018 13:06] /reload spells
[14/05/2018 13:06] /reload spells
[14/05/2018 13:10] /reload spells
[14/05/2018 13:13] /reload spells
[14/05/2018 13:13] /reload spells
[14/05/2018 13:13] /reload spells
[14/05/2018 13:13] /reload globals
[14/05/2018 13:13] /reload global
[14/05/2018 13:13] /reload spells
[14/05/2018 13:15] /reload spells
[14/05/2018 13:17] /reload spells
[14/05/2018 13:18] /reload creaturescripts
[14/05/2018 13:22] /reload spells
[14/05/2018 13:23] /reload spells
[14/05/2018 13:23] /reload spells
[14/05/2018 13:24] /reload spells
[14/05/2018 14:55] /reload spells
[14/05/2018 14:55] /reload spells
[14/05/2018 14:56] /reload spells
[14/05/2018 14:57] /reload spells
[14/05/2018 14:58] /reload spells
[14/05/2018 15:00] /reload spells
[14/05/2018 15:02] /reload spells
[14/05/2018 15:05] /reload spells
[14/05/2018 15:07] /reload spells
[14/05/2018 15:09] /reload spells
[14/05/2018 15:09] /reload spells
[14/05/2018 15:11] /reload spells
[14/05/2018 15:15] /reload spells
[14/05/2018 15:16] /reload spells
[14/05/2018 15:17] /reload spells
[14/05/2018 15:18] /reload spells
[14/05/2018 15:19] /reload spells
[14/05/2018 15:21] /reload spells
[14/05/2018 15:21] /reload spells
[14/05/2018 15:21] /reload spells
[14/05/2018 15:21] /reload spells
[14/05/2018 15:25] /reload spells
[14/05/2018 15:26] /reload spells
[14/05/2018 15:27] /reload spells
[14/05/2018 15:27] /reload spells
[14/05/2018 15:30] /reload spells
[14/05/2018 15:31] /reload spells
[14/05/2018 15:32] /reload spells
[14/05/2018 15:33] /reload spells
[14/05/2018 15:40] /reload spells
[14/05/2018 15:42] /reload spells
[14/05/2018 15:45] /reload spells
[14/05/2018 16:08] /reload spells
[14/05/2018 16:10] /reload spells
[14/05/2018 16:14] /reload spells
[14/05/2018 16:15] /reload spells
[14/05/2018 16:15] /reload spells
[14/05/2018 16:17] /reload spells
[14/05/2018 16:18] /reload spells
[14/05/2018 16:18] /reload spells
[14/05/2018 17:09] /reload creaturescripts
[14/05/2018 17:09] /reload creaturescripts
[15/05/2018 08:54] /reload spells
[15/05/2018 12:13] /reload creaturescripts
[15/05/2018 12:46] /reload creaturescripts
[15/05/2018 13:16] /reload creaturescripts
[15/05/2018 13:17] /reload creaturescripts
[15/05/2018 13:28] /reload creaturescripts
[15/05/2018 13:48] /reload talkactions
[15/05/2018 13:49] /reload talkactions
[15/05/2018 13:50] /reload talkactions
[15/05/2018 13:55] /reload creaturescripts
[15/05/2018 13:55] /reload talkactions
[16/05/2018 07:40] /reload spells
[17/05/2018 13:00] /reload spells
[17/05/2018 13:01] /reload spells
[17/05/2018 13:05] /reload spells
[17/05/2018 13:06] /reload spells
[17/05/2018 13:06] /reload spells
[17/05/2018 13:07] /reload spells
[17/05/2018 13:07] /reload spells
[17/05/2018 13:08] /reload spells
[17/05/2018 13:10] /reload spells
[17/05/2018 13:17] /reload spells
[17/05/2018 13:17] /reload spells
[17/05/2018 13:19] /reload spells
[17/05/2018 16:59] /reload spells
[17/05/2018 17:01] /reload spells
[17/05/2018 17:06] /reload spells
[17/05/2018 17:06] /reload spells
[17/05/2018 17:07] /reload spells
[17/05/2018 17:07] /reload spells
[17/05/2018 17:12] /reload spells
[17/05/2018 17:13] /reload spells
[17/05/2018 17:14] /reload spells
[17/05/2018 17:16] /reload spells
[17/05/2018 17:17] /reload spells
[17/05/2018 17:18] /reload spells
[17/05/2018 17:19] /reload spells
[17/05/2018 17:19] /reload spells
[17/05/2018 17:20] /reload spells
[17/05/2018 17:20] /reload spells
[17/05/2018 17:21] /reload spells
[17/05/2018 17:22] /reload spells
[17/05/2018 17:23] /reload spells
[17/05/2018 17:24] /reload spells
[17/05/2018 17:25] /reload spells
[17/05/2018 17:27] /reload spells
[17/05/2018 17:28] /reload spells
[17/05/2018 17:30] /reload spells
[17/05/2018 17:32] /reload spells
[17/05/2018 17:33] /reload spells
[17/05/2018 17:33] /reload spells
[17/05/2018 17:34] /reload spells
[17/05/2018 17:56] /reload spells
[17/05/2018 17:56] /reload spells
[17/05/2018 17:57] /reload spells
[17/05/2018 17:58] /reload spells
[17/05/2018 17:59] /reload spells
[17/05/2018 17:59] /reload spells
[17/05/2018 18:00] /reload spells
[18/05/2018 07:45] /reload spells
[18/05/2018 07:46] /reload spells
[18/05/2018 08:29] /reload spells
[18/05/2018 08:33] /reload spells
[18/05/2018 08:34] /reload spells
[18/05/2018 08:35] /reload spells
[18/05/2018 08:36] /reload spells
[18/05/2018 08:36] /reload spells
[18/05/2018 08:37] /reload spells
[18/05/2018 08:47] /reload spells
[18/05/2018 09:00] /reload spells
[18/05/2018 09:00] /reload spells
[18/05/2018 09:01] /reload spells
[18/05/2018 09:03] /reload spells
[18/05/2018 09:04] /reload spells
[18/05/2018 09:06] /reload spells
[18/05/2018 09:07] /reload spells
[18/05/2018 09:07] /reload spells
[18/05/2018 09:07] /reload spells
[18/05/2018 09:08] /reload spells
[18/05/2018 09:08] /reload spells
[18/05/2018 09:08] /reload spells
[18/05/2018 09:09] /reload spells
[18/05/2018 09:11] /reload spells
[18/05/2018 09:12] /reload spells
[18/05/2018 09:13] /reload spells
[18/05/2018 09:13] /reload spells
[18/05/2018 09:13] /reload spells
[18/05/2018 09:14] /reload spells
[18/05/2018 09:14] /reload spells
[18/05/2018 09:14] /reload spells
[18/05/2018 09:14] /reload spells
[18/05/2018 09:15] /reload spells
[18/05/2018 09:15] /reload spells
[18/05/2018 09:16] /reload spells
[18/05/2018 09:16] /reload spells
[18/05/2018 09:17] /reload spells
[18/05/2018 09:17] /reload spells
[18/05/2018 09:17] /reload spells
[18/05/2018 09:17] /reload spells
[18/05/2018 09:18] /reload spells
[18/05/2018 09:22] /reload spells
[18/05/2018 09:25] /reload spells
[18/05/2018 09:27] /reload spells
[18/05/2018 09:27] /reload spells
[18/05/2018 09:28] /reload spells
[18/05/2018 09:29] /reload spells
[18/05/2018 10:22] /reload creaturescripts
[18/05/2018 10:25] /reload creaturescripts
[18/05/2018 10:27] /reload creaturescripts
[18/05/2018 10:31] /reload creaturescripts
[18/05/2018 10:31] /reload creaturescripts
[18/05/2018 10:33] /reload creaturescripts
[18/05/2018 10:34] /reload creaturescripts
[18/05/2018 10:36] /reload creaturescripts
[18/05/2018 10:36] /reload creaturescripts
[18/05/2018 10:38] /reload creaturescripts
[18/05/2018 10:40] /reload creaturescripts
[18/05/2018 10:40] /reload creaturescripts
[18/05/2018 10:42] /reload creaturescripts
[18/05/2018 10:43] /reload creaturescripts
[18/05/2018 10:44] /reload spells
[18/05/2018 10:44] /reload creaturescripts
[18/05/2018 10:46] /reload creaturescripts
[18/05/2018 10:47] /reload creaturescripts
[18/05/2018 10:47] /reload creaturescripts
[18/05/2018 10:47] /reload creaturescripts
[18/05/2018 10:48] /reload creaturescripts
[18/05/2018 10:49] /reload creaturescripts
[18/05/2018 10:50] /reload creaturescripts
[18/05/2018 10:50] /reload creaturescripts
[18/05/2018 10:52] /reload creaturescripts
[18/05/2018 10:59] /reload spells
[18/05/2018 10:59] /reload spells
[18/05/2018 11:00] /reload spells
[18/05/2018 11:00] /reload spells
[18/05/2018 12:06] /reload spells
[18/05/2018 12:16] /reload spells
[18/05/2018 12:17] /reload spells
[18/05/2018 12:32] /reload spells
[18/05/2018 12:32] /reload spells
[18/05/2018 12:33] /reload spells
[18/05/2018 12:38] /reload spells
[18/05/2018 12:39] /reload spells
[18/05/2018 12:43] /reload spells
[18/05/2018 12:47] /reload spells
[18/05/2018 12:47] /reload spells
[18/05/2018 12:56] /reload spells
[18/05/2018 12:58] /reload spells
[18/05/2018 12:59] /reload spells
[18/05/2018 15:18] /reload spells
[18/05/2018 15:38] /reload spells
[18/05/2018 15:38] /reload spells
[18/05/2018 15:39] /reload spells
[18/05/2018 15:39] /reload spells
[18/05/2018 15:40] /reload spells
[18/05/2018 15:42] /reload spells
[18/05/2018 15:44] /reload spells
[18/05/2018 15:52] /reload spells
[18/05/2018 15:53] /reload spells
[18/05/2018 15:53] /reload spells
[19/05/2018 00:11] /reload creaturescripts
[19/05/2018 00:12] /reload movements
[19/05/2018 00:16] /reload creaturescripts
[19/05/2018 00:23] /reload creaturescripts
[19/05/2018 00:26] /reload creaturescripts
[19/05/2018 00:27] /reload creaturescripts
[19/05/2018 00:30] /reload creaturescripts
[19/05/2018 00:31] /reload creaturescripts
[19/05/2018 00:36] /reload movements
[19/05/2018 00:38] /reload movements
[19/05/2018 00:41] /reload movements
[19/05/2018 00:51] /reload movements
[19/05/2018 00:56] /reload movements
[19/05/2018 00:56] /reload creaturescripts
[19/05/2018 00:58] /reload creaturescripts
[19/05/2018 00:58] /reload movements
[19/05/2018 01:00] /reload movements
[19/05/2018 01:02] /reload monsters
[19/05/2018 01:04] /reload creaturescripts
[19/05/2018 01:06] /reload creaturescripts
[19/05/2018 01:07] /reload movements
[19/05/2018 19:51] /reload movements
[19/05/2018 20:05] /reload spells
[19/05/2018 20:12] /reload spells
[19/05/2018 20:14] /reload movements
[21/05/2018 08:36] /reload spells
[21/05/2018 08:40] /reload spells
[21/05/2018 08:40] /reload spells
[21/05/2018 08:42] /reload spells
[21/05/2018 08:44] /reload spells
[21/05/2018 08:46] /reload spells
[21/05/2018 08:47] /reload spells
[21/05/2018 08:49] /reload spells
[21/05/2018 08:51] /reload spells
[21/05/2018 08:51] /reload spells
[21/05/2018 08:52] /reload spells
[21/05/2018 08:56] /reload spells
[21/05/2018 08:57] /reload spells
[21/05/2018 09:00] /reload spells
[21/05/2018 09:00] /reload spells
[21/05/2018 09:02] /reload spells
[21/05/2018 09:07] /reload spells
[21/05/2018 09:08] /reload spells
[21/05/2018 09:09] /reload spells
[21/05/2018 09:09] /reload spells
[21/05/2018 09:09] /reload spells
[21/05/2018 09:10] /reload spells
[21/05/2018 09:11] /reload spells
[21/05/2018 09:13] /reload spells
[21/05/2018 09:14] /reload spells
[21/05/2018 09:15] /reload spells
[21/05/2018 09:15] /reload spells
[21/05/2018 09:20] /reload spells
[21/05/2018 09:20] /reload spells
[21/05/2018 09:21] /reload spells
[22/05/2018 07:34] /reload movements
[22/05/2018 07:36] /reload movements
[22/05/2018 07:49] /reload movements
[22/05/2018 07:49] /reload movements
[22/05/2018 07:49] /reload movements
[22/05/2018 07:50] /reload movements
[22/05/2018 07:50] /reload movements
[22/05/2018 07:51] /reload movements
[22/05/2018 07:51] /reload movements
[22/05/2018 07:51] /reload movements
[22/05/2018 07:57] /reload movements
[22/05/2018 07:58] /reload movements
[22/05/2018 07:59] /reload movemenets
[22/05/2018 07:59] /reload movements
[22/05/2018 08:00] /reload movements
[22/05/2018 08:04] /reload movemennts
[22/05/2018 08:04] /reload movements
[22/05/2018 08:04] /reload movements
[22/05/2018 08:06] /reload movements
[22/05/2018 08:07] /reload movements
[22/05/2018 08:07] /reload movements
[22/05/2018 08:09] /reload movements
[22/05/2018 08:12] /reload movements
[22/05/2018 08:13] /reload movements
[22/05/2018 08:13] /reload movements
[22/05/2018 08:14] /reload movements
[22/05/2018 08:26] /reload movements
[22/05/2018 08:26] /reload movements
[22/05/2018 08:26] /reload movements
[22/05/2018 09:47] /reload movements
[22/05/2018 09:47] /reload creaturescripts
[22/05/2018 09:50] /reload spells
[22/05/2018 09:54] /reload creaturescripts
[22/05/2018 09:58] /reload creaturescripts
[22/05/2018 09:58] /reload creaturescripts
[22/05/2018 12:44] /reload talkactions
[22/05/2018 12:44] /reload talkactions
[22/05/2018 12:45] /reload talkactions
[22/05/2018 12:46] /reload talkactions
[22/05/2018 12:46] /reload talkactions
[22/05/2018 12:47] /reload talkactions
[22/05/2018 12:47] /reload talkactions
[22/05/2018 13:03] /reload talkactions
[22/05/2018 13:03] /reload talkactions
[22/05/2018 13:05] /reload talkactions
[22/05/2018 13:05] /reload talkactions
[23/05/2018 07:59] /reload spells
[23/05/2018 08:03] /reload creaturescripts
[25/05/2018 07:41] /reload spells
[25/05/2018 07:42] /reload spells
[25/05/2018 07:43] /reload spells
[25/05/2018 07:43] /reload spells
[25/05/2018 07:44] /reload spells
[25/05/2018 07:45] /reload spells
[25/05/2018 07:45] /reload spells
[25/05/2018 07:45] /reload spells
[25/05/2018 07:50] /reload spells
[25/05/2018 07:51] /reload spells
[25/05/2018 07:51] /reload spells
[25/05/2018 07:52] /reload spells
[25/05/2018 07:52] /reload spells
[25/05/2018 07:52] /reload spells
[25/05/2018 07:53] /reload spells
[25/05/2018 07:54] /reload spells
[25/05/2018 07:54] /reload spells
[25/05/2018 07:55] /reload spells
[25/05/2018 07:58] /reload spells
[25/05/2018 07:58] /reload spells
[25/05/2018 07:59] /reload spells
[25/05/2018 08:01] /reload spells
[25/05/2018 08:01] /reload spells
[25/05/2018 08:02] /reload spells
[25/05/2018 08:02] /reload spells
[25/05/2018 08:04] /reload spells
[25/05/2018 08:04] /reload spells
[25/05/2018 08:04] /reload spells
[25/05/2018 08:04] /reload spells
[25/05/2018 08:04] /reload spells
[25/05/2018 08:05] /reload spells
[25/05/2018 08:05] /reload spells
[25/05/2018 08:05] /reload spells
[25/05/2018 08:05] /reload spells
[25/05/2018 08:05] /reload spells
[25/05/2018 08:06] /reload spells
[25/05/2018 08:06] /reload spells
[25/05/2018 08:06] /reload spells
[25/05/2018 08:08] /reload spells
[25/05/2018 08:10] /reload spells
[25/05/2018 08:12] /reload spells
[25/05/2018 08:12] /reload spells
[25/05/2018 08:12] /reload spells
[25/05/2018 08:13] /reload spells
[25/05/2018 08:13] /reload spells
[25/05/2018 08:13] /reload spells
[25/05/2018 08:14] /reload spells
[25/05/2018 08:14] /reload spells
[25/05/2018 08:15] /reload spells
[25/05/2018 08:15] /reload spells
[25/05/2018 08:15] /reload spells
[25/05/2018 08:16] /reload spells
[25/05/2018 08:16] /reload spells
[25/05/2018 08:17] /reload spells
[25/05/2018 08:17] /reload spells
[25/05/2018 08:17] /reload spells
[25/05/2018 08:18] /reload spells
[25/05/2018 08:18] /reload spells
[25/05/2018 08:19] /reload spells
[25/05/2018 08:21] /reload spells
[25/05/2018 08:21] /reload spells
[25/05/2018 08:22] /reload spells
[25/05/2018 08:23] /reload spells
[25/05/2018 08:23] /reload spells
[25/05/2018 08:23] /reload spells
[25/05/2018 08:23] /reload spells
[25/05/2018 08:24] /reload spells
[25/05/2018 08:24] /reload spells
[25/05/2018 08:24] /reload spells
[25/05/2018 08:24] /reload spells
[25/05/2018 08:25] /reload spells
[25/05/2018 08:25] /reload spells
[25/05/2018 08:25] /reload spells
[25/05/2018 08:25] /reload spells
[25/05/2018 08:33] /reload spells
[25/05/2018 08:34] /reload spells
[25/05/2018 08:34] /reload spells
[25/05/2018 08:36] /reload spells
[25/05/2018 08:36] /reload spells
[25/05/2018 08:37] /reload spells
[25/05/2018 08:38] /reload spells
[25/05/2018 08:39] /reload spells
[25/05/2018 08:40] /reload spells
[25/05/2018 08:40] /reload spells
[25/05/2018 08:46] /reload spells
[25/05/2018 08:46] /reload spells
[25/05/2018 08:47] /reload spells
[25/05/2018 08:47] /reload spells
[25/05/2018 08:54] /reload spells
[25/05/2018 08:54] /reload spells
[25/05/2018 09:02] /reload spells
[25/05/2018 09:04] /reload spells
[25/05/2018 09:05] /reload spells
[25/05/2018 09:05] /reload spells
[25/05/2018 09:05] /reload spells
[25/05/2018 09:05] /reload spells
[25/05/2018 09:06] /reload spells
[25/05/2018 09:06] /reload spells
[25/05/2018 09:06] /reload spells
[25/05/2018 09:06] /reload spells
[25/05/2018 09:09] /reload spells
[25/05/2018 09:09] /reload spells
[25/05/2018 09:09] /reload spells
[25/05/2018 09:12] /reload spells
[25/05/2018 09:13] /reload spells
[25/05/2018 09:15] /reload spells
[25/05/2018 09:15] /reload spells
[25/05/2018 09:16] /reload spells
[25/05/2018 09:17] /reload spells
[25/05/2018 09:17] /reload spells
[25/05/2018 09:18] /reload spells
[25/05/2018 09:18] /reload spells
[25/05/2018 09:19] /reload spells
[25/05/2018 09:19] /reload spells
[25/05/2018 09:19] /reload spells
[25/05/2018 09:19] /reload spells
[25/05/2018 09:19] /reload spells
[25/05/2018 09:19] /reload spells
[25/05/2018 09:19] /reload spells
[25/05/2018 09:19] /reload spells
[25/05/2018 09:20] /reload spells
[25/05/2018 09:20] /reload spells
[25/05/2018 09:21] /reload spells
[25/05/2018 09:21] /reload spells
[25/05/2018 09:21] /reload spells
[25/05/2018 09:21] /reload spells
[25/05/2018 09:21] /reload spells
[25/05/2018 09:22] /reload spells
[25/05/2018 09:22] /reload spells
[25/05/2018 09:22] /reload spells
[25/05/2018 09:22] /reload spells
[25/05/2018 09:22] /reload spells
[25/05/2018 09:22] /reload spells
[25/05/2018 09:23] /reload spells
[25/05/2018 09:23] /reload spells
[25/05/2018 09:24] /reload spells
[25/05/2018 09:27] /reload spells
[25/05/2018 09:30] /reload spells
[25/05/2018 09:32] /reload spells
[25/05/2018 09:33] /reload spells
[25/05/2018 09:33] /reload spells
[25/05/2018 09:33] /reload spells
[25/05/2018 09:33] /reload spells
[25/05/2018 09:35] /reload spells
[25/05/2018 09:35] /reload spells
[25/05/2018 09:36] /reload spells
[25/05/2018 09:37] /reload spells
[25/05/2018 09:38] /reload spells
[25/05/2018 09:41] /reload spells
[25/05/2018 09:43] /reload spells
[25/05/2018 09:43] /reload spells
[25/05/2018 09:45] /reload spells
[25/05/2018 09:46] /reload spells
[25/05/2018 09:47] /reload spells
[25/05/2018 09:47] /reload spells
[25/05/2018 09:47] /reload spells
[25/05/2018 09:47] /reload spells
[25/05/2018 09:48] /reload spells
[25/05/2018 09:49] /reload spells
[25/05/2018 09:49] /reload spells
[25/05/2018 09:51] /reload spells
[25/05/2018 09:52] /reload spells
[25/05/2018 09:52] /reload spells
[25/05/2018 09:53] /reload spells
[25/05/2018 09:53] /reload spells
[25/05/2018 10:03] /reload spells
[25/05/2018 10:04] /reload spells
[25/05/2018 10:09] /reload spells
[25/05/2018 10:11] /reload spells
[25/05/2018 10:12] /reload spells
[25/05/2018 10:22] /reload spells
[25/05/2018 10:22] /reload spells
[25/05/2018 10:24] /reload spells
[25/05/2018 10:24] /reload spells
[25/05/2018 10:24] /reload spells
[25/05/2018 10:24] /reload spells
[25/05/2018 10:26] /reload spells
[25/05/2018 10:27] /reload spells
[25/05/2018 10:27] /reload spells
[25/05/2018 10:28] /reload spells
[25/05/2018 10:28] /reload spells
[25/05/2018 10:29] /reload spells
[25/05/2018 10:29] /reload spells
[25/05/2018 10:30] /reload spells
[25/05/2018 10:30] /reload spells
[25/05/2018 10:31] /reload spells
[25/05/2018 10:31] /reload spells
[25/05/2018 10:33] /reload spells
[25/05/2018 10:33] /reload spells
[25/05/2018 10:34] /reload spells
[25/05/2018 10:36] /reload spells
[25/05/2018 10:37] /reload spells
[25/05/2018 10:37] /reload spells
[25/05/2018 10:38] /reload spells
[25/05/2018 10:39] /reload spells
[25/05/2018 10:40] /reload spells
[25/05/2018 10:40] /reload spells
[25/05/2018 10:41] /reload spells
[25/05/2018 10:42] /reload spells
[25/05/2018 10:42] /reload spells
[25/05/2018 10:47] /reload spells
[25/05/2018 10:48] /reload spells
[25/05/2018 10:48] /reload spells
[25/05/2018 10:50] /reload spells
[25/05/2018 10:51] /reload spells
[25/05/2018 10:53] /reload spells
[25/05/2018 12:45] /reload spells
[25/05/2018 12:46] /reload spells
[25/05/2018 12:49] /reload spells
[25/05/2018 12:50] /reload spells
[25/05/2018 12:53] /reload spells
[25/05/2018 12:54] /reload spells
[25/05/2018 12:55] /reload spells
[25/05/2018 12:58] /reload spells
[25/05/2018 12:58] /reload spells
[25/05/2018 12:59] /reload spells
[25/05/2018 13:09] /reload spells
[25/05/2018 13:10] /reload spells
[25/05/2018 13:11] /reload spells
[25/05/2018 13:12] /reload spells
[25/05/2018 13:16] /reload spells
[25/05/2018 13:19] /reload spells
[25/05/2018 13:20] /reload spells
[25/05/2018 13:20] /reload spells
[25/05/2018 13:21] /reload spells
[25/05/2018 14:26] /reload spells
[25/05/2018 14:26] /reload spells
[25/05/2018 14:27] /reload spells
[25/05/2018 14:32] /reload creaturescripts
[25/05/2018 14:33] /reload creaturescripts
[25/05/2018 14:33] /reload creaturescripts
[25/05/2018 14:34] /reload creaturescripts
[25/05/2018 14:34] /reload creaturescripts
[25/05/2018 14:35] /reload creaturescripts
[25/05/2018 14:36] /reload creaturescripts
[25/05/2018 14:37] /reload creaturescripts
[25/05/2018 14:37] /reload creaturescripts
[25/05/2018 14:38] /reload creaturescripts
[25/05/2018 14:38] /reload creaturescripts
[25/05/2018 14:40] /reload creaturescripts
[25/05/2018 14:43] /reload creaturescripts
[25/05/2018 14:45] /reload creaturescripts
[25/05/2018 14:48] /reload creaturescripts
[25/05/2018 14:48] /reload creaturescripts
[25/05/2018 14:54] /reload creaturescripts
[25/05/2018 14:55] /reload creaturescripts
[25/05/2018 15:03] /reload spells
[25/05/2018 15:03] /reload creaturescripts
[25/05/2018 15:05] /reload creaturescripts
[28/05/2018 12:59] /reload spells
[28/05/2018 13:00] /reload spells
[28/05/2018 17:34] /reload spells
[28/05/2018 17:34] /reload spells
[28/05/2018 17:35] /reload spells
[28/05/2018 17:39] /reload spells
[28/05/2018 17:39] /reload spells
[28/05/2018 17:40] /reload spells
[28/05/2018 17:41] /reload spells
[28/05/2018 17:42] /reload spells
[28/05/2018 17:42] /reload spells
[28/05/2018 17:43] /reload spells
[28/05/2018 17:45] /reload spells
[28/05/2018 17:46] /reload spells
[28/05/2018 18:00] /reload spells
[28/05/2018 18:08] /reload spells
[28/05/2018 18:10] /reload spells
[28/05/2018 18:11] /reload spells
[29/05/2018 08:18] /reload spells
[29/05/2018 08:19] /reload spells
[29/05/2018 08:21] /reload spells
[29/05/2018 08:21] /reload spells
[29/05/2018 08:22] /reload spells
[29/05/2018 08:31] /reload creaturescripts
[29/05/2018 08:33] /reload spells
[29/05/2018 08:35] /reload creaturescripts
[29/05/2018 10:09] /reload spells
[29/05/2018 10:10] /reload spells
[29/05/2018 10:11] /reload spells
[29/05/2018 10:15] /reload spells
[29/05/2018 12:04] /reload spells
[29/05/2018 12:05] /reload spells
[29/05/2018 12:05] /reload spells
[29/05/2018 12:08] /reload spells
[29/05/2018 12:08] /reload spells
[29/05/2018 12:12] /reload spells
[29/05/2018 12:37] /reload spells
[29/05/2018 12:37] /reload spells
[29/05/2018 12:37] /reload spells
[29/05/2018 12:39] /reload spells
[29/05/2018 12:40] /reload spells
[30/05/2018 11:11] /reload talkactions
[30/05/2018 12:01] /reload talkactions
[30/05/2018 12:06] /reload spells
[30/05/2018 12:07] /reload spells
[30/05/2018 12:08] /reload spells
[30/05/2018 12:08] /reload spells
[30/05/2018 12:14] /reload spells
[30/05/2018 12:40] /reload talkactions
[30/05/2018 12:41] /reload talkactions
[30/05/2018 12:41] /reload talkactions
[30/05/2018 12:41] /reload talkactions
[30/05/2018 12:45] /reload talkactions
[30/05/2018 12:45] /reload talkactions
[30/05/2018 12:46] /reload talkactions
[30/05/2018 12:50] /reload talkactions
[30/05/2018 12:50] /reload talkactions
[30/05/2018 12:50] /reload talkactions
[30/05/2018 12:50] /reload talkactions
[30/05/2018 12:51] /reload talkactions
[30/05/2018 12:51] /reload talkactions
[30/05/2018 12:51] /reload talkactions
[30/05/2018 12:51] /reload talkactions
[30/05/2018 12:52] /reload talkactions
[30/05/2018 12:52] /reload talkactions
[30/05/2018 13:01] /reload talkactions
[30/05/2018 14:08] /reload talkactions
[30/05/2018 14:32] /reload talkactions
[30/05/2018 16:12] /reload talkactions
[30/05/2018 16:15] /reload talkactions
[30/05/2018 16:15] /reload talkactions
[30/05/2018 16:18] /reload talkactions
[30/05/2018 16:18] /reload talkactions
[30/05/2018 16:26] /reload talkactions
[30/05/2018 18:00] /reload talkactions
[30/05/2018 18:01] /reload talkactions
[30/05/2018 18:01] /reload talkactions
[30/05/2018 18:03] /reload talkactions
[30/05/2018 18:03] /reload talkactions
[30/05/2018 18:03] /reload talkactions
[30/05/2018 18:07] /reload talkactions
[30/05/2018 18:08] /reload talkactions
[30/05/2018 18:09] /reload talkactions
[30/05/2018 18:09] /reload talkactions
[30/05/2018 18:10] /reload talkactions
[30/05/2018 19:33] /reload talkactions
[30/05/2018 19:35] /reload talkactions
[30/05/2018 19:35] /reload talkactions
[30/05/2018 19:35] /reload talkactions
[30/05/2018 19:36] /reload talkactions
[30/05/2018 19:36] /reload talkactions
[30/05/2018 19:36] /reload talkactions
[30/05/2018 19:37] /reload talkactions
[30/05/2018 19:38] /reload talkactions
[30/05/2018 19:38] /reload talkactions
[30/05/2018 19:38] /reload talkactions
[30/05/2018 19:39] /reload talkactions
[30/05/2018 19:40] /reload talkactions
[30/05/2018 19:40] /reload talkactions
[30/05/2018 19:43] /reload talkactions
[30/05/2018 19:44] /reload talkactions
[30/05/2018 19:45] /reload talkactions
[30/05/2018 19:45] /reload talkactions
[30/05/2018 19:47] /reload talkactions
[30/05/2018 19:48] /reload talkactions
[30/05/2018 19:49] /reload talkactions
[30/05/2018 19:50] /reload talkactions
[30/05/2018 19:53] /reload talkactions
[30/05/2018 19:53] /reload talkactions
[30/05/2018 19:54] /reload talkactions
[30/05/2018 19:55] /reload talkactions
[01/06/2018 09:53] /reload talkactions
[01/06/2018 10:00] /reload talkactions
[01/06/2018 10:01] /reload talkactions
[04/06/2018 12:22] /reload talkactions
[04/06/2018 12:23] /reload talkactions
[04/06/2018 12:24] /reload talkactions
[04/06/2018 12:25] /reload talkactions
[04/06/2018 12:26] /reload talkactions
[04/06/2018 12:27] /reload talkactions
[04/06/2018 12:29] /reload talkactions
[04/06/2018 12:39] /reload talkactions
[04/06/2018 12:39] /reload talkactions
[04/06/2018 12:40] /reload talkactions
[04/06/2018 12:40] /reload talkactions
[04/06/2018 12:46] /reload talkactions
[04/06/2018 12:46] /reload talkactions
[04/06/2018 12:46] /reload talkactions
[04/06/2018 12:46] /reload talkactions
[04/06/2018 12:46] /reload talkactions
[04/06/2018 12:49] /reload talkactions
[04/06/2018 12:51] /reload talkactions
[04/06/2018 12:51] /reload talkactions
[04/06/2018 12:52] /reload talkactions
[04/06/2018 12:54] /reload talkactions
[04/06/2018 12:55] /reload talkactions
[04/06/2018 12:56] /reload talkactions
[04/06/2018 13:00] /reload talkactions
[04/06/2018 13:01] /reload talkactions
[04/06/2018 13:06] /reload talkactions
[04/06/2018 13:11] /reload talkactions
[04/06/2018 13:11] /reload talkactions
[04/06/2018 13:35] /reload talkactions
[04/06/2018 17:26] /reload talkactions
[04/06/2018 17:26] /reload creaturescripts
[04/06/2018 17:30] /reload globals
[04/06/2018 17:30] /reload global
[04/06/2018 17:31] /reload talkactions
[04/06/2018 17:31] /reload creaturescripts
[04/06/2018 17:56] /reload creaturescripts
[04/06/2018 17:57] /reload creaturescripts
[04/06/2018 17:59] /reload creaturescripts
[04/06/2018 17:59] /reload creaturescripts
[04/06/2018 17:59] /reload creaturescripts
[04/06/2018 17:59] /reload creaturescripts
[04/06/2018 18:00] /reload creaturescripts
[04/06/2018 18:01] /reload creaturescripts
[04/06/2018 18:03] /reload creaturescripts
[04/06/2018 18:04] /reload creaturescripts
[04/06/2018 18:05] /reload creaturescripts
[04/06/2018 18:05] /reload creaturescripts
[04/06/2018 18:06] /reload creaturescripts
[04/06/2018 18:07] /reload creaturescripts
[04/06/2018 18:07] /reload creaturescripts
[04/06/2018 18:19] /reload creaturescripts
[04/06/2018 18:21] /reload creaturescripts
[04/06/2018 18:22] /reload creaturescripts
[04/06/2018 18:23] /reload creaturescripts
[04/06/2018 18:25] /reload creaturescripts
[04/06/2018 18:26] /reload creaturescripts
[04/06/2018 18:34] /reload creaturescripts
[04/06/2018 18:38] /reload creaturescripts
[04/06/2018 18:38] /reload creaturescripts
[04/06/2018 18:39] /reload creaturescripts
[04/06/2018 18:44] /reload creaturescripts
[04/06/2018 18:46] /reload creaturescripts
[04/06/2018 18:47] /reload creaturescripts
[04/06/2018 18:48] /reload creaturescripts
[04/06/2018 18:49] /reload creaturescripts
[04/06/2018 18:52] /reload creaturescripts
[04/06/2018 18:55] /reload creaturescripts
[04/06/2018 18:57] /reload creaturescripts
[04/06/2018 18:58] /reload creaturescripts
[04/06/2018 18:59] /reload creaturescripts
[04/06/2018 19:01] /reload creaturescripts
[05/06/2018 07:51] /reload creaturescripts
[05/06/2018 07:56] /reload creaturescripts
[05/06/2018 07:57] /reload creaturescripts
[05/06/2018 07:57] /reload creaturescripts
[05/06/2018 07:59] /reload creaturescripts
[05/06/2018 07:59] /reload creaturescripts
[05/06/2018 08:00] /reload creaturescripts
[05/06/2018 08:08] /reload talkactions
[05/06/2018 08:08] /reload talkactions
[05/06/2018 08:14] /reload talkactions
[05/06/2018 08:15] /reload talkactions
[05/06/2018 08:16] /reload talkactions
[05/06/2018 08:18] /reload talkactions
[05/06/2018 08:20] /reload talkactions
[05/06/2018 08:25] /reload talkactions
[05/06/2018 08:29] /reload talkactions
[05/06/2018 08:42] /reload globalevents
[05/06/2018 09:32] /reload actions
[05/06/2018 09:33] /reload actions
[05/06/2018 09:33] /reload actions
[05/06/2018 09:35] /reload actions
[05/06/2018 09:36] /reload actions
[05/06/2018 09:37] /reload actions
[05/06/2018 09:39] /reload actions
[05/06/2018 09:41] /reload actions
[05/06/2018 09:42] /reload actions
[05/06/2018 09:42] /reload actions
[05/06/2018 09:43] /reload actions
[05/06/2018 09:44] /reload actions
[05/06/2018 09:45] /reload actions
[05/06/2018 09:47] /reload actions
[05/06/2018 09:48] /reload actions
[05/06/2018 09:48] /reload actions
[05/06/2018 09:51] /reload actions
[05/06/2018 09:51] /reload actions
[05/06/2018 09:52] /reload actions
[05/06/2018 09:54] /reload actions
[05/06/2018 09:54] /reload actions
[05/06/2018 09:58] /reload actions
[05/06/2018 10:10] /reload talkactions
[05/06/2018 10:14] /reload talkactions
[05/06/2018 10:20] /reload talkactions
[05/06/2018 11:07] /reload talkactions
[05/06/2018 11:07] /reload talkactions
[05/06/2018 12:37] /reload talkactions
[05/06/2018 12:37] /reload talkactions
[05/06/2018 12:45] /reload talkactions
[05/06/2018 12:47] /reload talkactions
[05/06/2018 12:48] /reload talkactions
[05/06/2018 12:52] /reload talkactions
[05/06/2018 12:53] /reload talkactions
[05/06/2018 12:57] /reload creaturescripts
[05/06/2018 12:59] /reload talkactions
[05/06/2018 13:04] /reload talkactions
[05/06/2018 13:05] /reload talkactions
[05/06/2018 13:11] /reload talkactions
[05/06/2018 13:17] /reload creaturescripts
[05/06/2018 13:18] /reload creaturescripts
[05/06/2018 13:19] /reload creaturescripts
[05/06/2018 13:20] /reload creaturescripts
[05/06/2018 13:22] /reload creaturescripts
[05/06/2018 13:25] /reload creaturescripts
[05/06/2018 13:28] /reload creaturescripts
[05/06/2018 13:32] /reload creaturescripts
[05/06/2018 13:34] /reload creaturescripts
[05/06/2018 13:36] /reload creaturescripts
[05/06/2018 13:36] /reload creaturescripts
[05/06/2018 13:39] /reload creaturescripts
[05/06/2018 13:45] /reload creaturescripts
[05/06/2018 14:00] /reload creaturescripts
[05/06/2018 17:17] /reload creaturescripts
[05/06/2018 17:19] /reload creaturescripts
[05/06/2018 17:25] /reload creaturescripts
[05/06/2018 17:30] /reload creaturescripts
[05/06/2018 17:31] /reload creaturescripts
[05/06/2018 17:33] /reload talkactions
[05/06/2018 18:02] /reload creaturescripts
[05/06/2018 18:05] /reload creaturescripts
[05/06/2018 18:07] /reload creaturescripts
[05/06/2018 18:08] /reload creaturescripts
[05/06/2018 18:09] /reload creaturescripts
[05/06/2018 18:12] /reload libs
[05/06/2018 18:12] /reload lib
[05/06/2018 18:14] /reload talkactions
[05/06/2018 18:15] /reload creaturescripts
[05/06/2018 18:16] /reload creaturescripts
[05/06/2018 18:17] /reload creaturescripts
[05/06/2018 18:18] /reload creaturescripts
[05/06/2018 18:24] /reload creaturescripts
[05/06/2018 18:24] /reload creaturescripts
[05/06/2018 18:25] /reload creaturescripts
[05/06/2018 18:28] /reload creaturescripts
[05/06/2018 18:30] /reload creaturescripts
[05/06/2018 18:31] /reload creaturescripts
[06/06/2018 08:05] /reload talkactions
[06/06/2018 08:06] /reload talkactions
[06/06/2018 08:07] /reload talkactions
[06/06/2018 08:10] /reload talkactions
[06/06/2018 08:11] /reload talkactions
[06/06/2018 08:11] /reload talkactions
[06/06/2018 08:12] /reload talkactions
[06/06/2018 08:14] /reload talkactions
[06/06/2018 08:16] /reload talkactions
[06/06/2018 08:17] /reload talkactions
[06/06/2018 08:19] /reload talkactions
[06/06/2018 08:30] /reload talkactions
[06/06/2018 08:30] /reload talkactions
[06/06/2018 08:32] /reload talkactions
[06/06/2018 08:32] /reload talkactions
[06/06/2018 08:32] /reload talkactions
[06/06/2018 08:33] /reload talkactions
[06/06/2018 08:33] /reload talkactions
[06/06/2018 08:36] /reload talkactions
[06/06/2018 08:41] /reload talkactions
[06/06/2018 08:41] /reload talkactions
[06/06/2018 08:43] /reload talkactions
[06/06/2018 08:45] /reload talkactions
[06/06/2018 08:46] /reload talkactions
[06/06/2018 08:48] /reload creaturescripts
[06/06/2018 08:49] /reload creaturescripts
[06/06/2018 08:49] /reload creaturescripts
[06/06/2018 08:49] /reload creaturescripts
[06/06/2018 08:50] /reload creaturescripts
[06/06/2018 08:50] /reload creaturescripts
[06/06/2018 08:58] /reload creaturescripts
[06/06/2018 12:45] /reload talkactions
[06/06/2018 12:46] /reload talkactions
[06/06/2018 12:48] /reload talkactions
[06/06/2018 12:50] /reload talkactions
[06/06/2018 12:50] /reload talkactions
[06/06/2018 12:50] /reload talkactions
[06/06/2018 12:50] /reload talkactions
[06/06/2018 12:51] /reload talkactions
[06/06/2018 12:53] /reload talkactions
[06/06/2018 16:57] /reload spells
[06/06/2018 16:57] /reload spells
[06/06/2018 17:04] /reload spells
[06/06/2018 17:05] /reload spells
[06/06/2018 17:05] /reload spells
[06/06/2018 17:07] /reload spells
[06/06/2018 17:27] /reload creaturescripts
[06/06/2018 17:28] /reload creaturescripts
[06/06/2018 17:28] /reload creaturescripts
[07/06/2018 08:29] /reload talkactinos
[07/06/2018 08:29] /reload talkactions
[07/06/2018 08:29] /reload talkactions
[07/06/2018 08:29] /reload talkactions
[07/06/2018 08:35] /reload talkactions
[07/06/2018 08:35] /reload talkactions
[07/06/2018 08:36] /reload talkactions
[07/06/2018 08:44] /reload talkactions
[07/06/2018 08:46] /reload talkactions
[07/06/2018 12:18] /reload talkactions
[07/06/2018 12:19] /reload talkactions
[07/06/2018 12:24] /reload talkactions
[07/06/2018 12:26] /reload talkactions
[07/06/2018 12:27] /reload talkactions
[07/06/2018 12:28] /reload talkactions
[07/06/2018 12:28] /reload talkactions
[07/06/2018 12:29] /reload talkactions
[07/06/2018 12:30] /reload talkactions
[07/06/2018 12:31] /reload talkactions
[07/06/2018 12:31] /reload talkactions
[07/06/2018 12:32] /reload talkactions
[07/06/2018 12:51] /reload creaturescripts
[07/06/2018 16:01] /reload talkactions
[07/06/2018 16:01] /reload talkactions
[07/06/2018 16:02] /reload talkactions
[07/06/2018 16:03] /reload talkactions
[07/06/2018 16:03] /reload talkactions
[07/06/2018 16:04] /reload talkactions
[07/06/2018 16:06] /reload talkactions
[07/06/2018 16:08] /reload talkactions
[07/06/2018 16:10] /reload talkactions
[07/06/2018 16:11] /reload talkactions
[07/06/2018 16:11] /reload talkactions
[07/06/2018 16:15] /reload talkactions
[07/06/2018 16:16] /reload talkactions
[07/06/2018 16:17] /reload talkactions
[07/06/2018 16:17] /reload talkactions
[07/06/2018 16:19] /reload talkactions
[07/06/2018 16:49] /reload talkactions
[07/06/2018 17:03] /reload talkactions
[07/06/2018 17:04] /reload talkactions
[07/06/2018 17:06] /reload talkactions
[07/06/2018 17:06] /reload talkactions
[07/06/2018 17:10] /reload talkactions
[07/06/2018 17:11] /reload talkactions
[07/06/2018 17:12] /reload talkactions
[07/06/2018 17:12] /reload talkactions
[07/06/2018 17:15] /reload talkactions
[07/06/2018 17:15] /reload talkactions
[07/06/2018 17:16] /reload talkactions
[07/06/2018 17:16] /reload talkactions
[07/06/2018 17:17] /reload talkactions
[07/06/2018 17:17] /reload talkactions
[07/06/2018 17:23] /reload talkactions
[07/06/2018 17:24] /reload talkactions
[07/06/2018 17:29] /reload creaturescripts
[07/06/2018 17:29] /reload talkactions
[07/06/2018 17:31] /reload talkactions
[07/06/2018 17:31] /reload creaturescripts
[07/06/2018 17:34] /reload creaturescripts
[07/06/2018 17:34] /reload creaturescripts
[07/06/2018 17:35] /reload talkactions
[07/06/2018 17:36] /reload creaturescripts
[07/06/2018 17:37] /reload creaturescripts
[07/06/2018 20:35] /reload creaturescripts
[07/06/2018 20:38] /reload creaturescripts
[07/06/2018 20:43] /reload creaturescripts
[07/06/2018 20:44] /reload global
[07/06/2018 20:44] /reload globals
[07/06/2018 20:46] /reload creaturescripts
[07/06/2018 20:58] /reload creaturescripts
[08/06/2018 08:19] /reload creaturescripts
[08/06/2018 08:32] /reload creaturescripts
[08/06/2018 08:34] /reload creaturescripts
[08/06/2018 08:34] /reload creaturescripts
[08/06/2018 08:35] /reload creaturescripts
[08/06/2018 08:38] /reload talkactions
[08/06/2018 08:38] /reload creaturescripts
[08/06/2018 08:39] /reload creaturescripts
[08/06/2018 13:21] /reload creaturescripts
[08/06/2018 17:26] /reload creaturescripts
[08/06/2018 17:43] /reload npcs
[08/06/2018 17:44] /reload npcs
[08/06/2018 17:45] /reload npcs
[08/06/2018 17:47] /reload npcs
[08/06/2018 17:47] /reload npcs
[08/06/2018 17:48] /reload npcs
[08/06/2018 17:48] /reload npcs
[08/06/2018 17:50] /reload npcs
[08/06/2018 17:51] /reload npcs
[08/06/2018 17:52] /reload npcs
[08/06/2018 17:54] /reload npcs
[08/06/2018 17:55] /reload npcs
[08/06/2018 17:57] /reload npcs
[08/06/2018 17:57] /reload npcs
[08/06/2018 17:57] /reload npcs
[08/06/2018 17:58] /reload npcs
[08/06/2018 18:00] /reload npcs
[08/06/2018 18:02] /reload npcs
[08/06/2018 18:02] /reload npcs
[08/06/2018 18:03] /reload npcs
[08/06/2018 18:04] /reload npcs
[08/06/2018 18:05] /reload npcs
[08/06/2018 18:11] /reload npcs
[08/06/2018 18:13] /reload npcs
[08/06/2018 18:14] /reload npcs
[08/06/2018 18:16] /reload npcs
[08/06/2018 18:19] /reload npcs
[08/06/2018 18:20] /reload npcs
[11/06/2018 08:08] /reload npcs
[11/06/2018 08:09] /reload npcs
[11/06/2018 08:16] /reload chats
[11/06/2018 08:16] /reload chatt
[11/06/2018 08:16] /reload chat
[11/06/2018 17:48] /reload talkactions
[11/06/2018 17:48] /reload talkactions
[11/06/2018 17:49] /reload talkactions
[11/06/2018 17:49] /reload talkactions
[11/06/2018 17:51] /reload talkactions
[11/06/2018 17:51] /reload talkactions
[11/06/2018 17:52] /reload talkactions
[11/06/2018 17:52] /reload talkactions
[11/06/2018 17:53] /reload talkactions
[11/06/2018 17:58] /reload talkactions
[11/06/2018 17:59] /reload talkactions
[11/06/2018 17:59] /reload talkactions
[11/06/2018 17:59] /reload talkactions
[11/06/2018 18:00] /reload talkactions
[11/06/2018 18:00] /reload talkactions
[11/06/2018 18:01] /reload talkactions
[11/06/2018 18:01] /reload talkactions
[11/06/2018 18:01] /reload talkactions
[11/06/2018 18:01] /reload talkactions
[11/06/2018 18:01] /reload talkactions
[11/06/2018 18:02] /reload talkactions
[11/06/2018 18:02] /reload talkactions
[11/06/2018 18:03] /reload talkactions
[11/06/2018 18:04] /reload talkactions
[11/06/2018 18:05] /reload talkactions
[12/06/2018 10:54] /reload actions
[12/06/2018 10:54] /reload creaturescripts
[12/06/2018 10:56] /reload actions
[12/06/2018 10:57] /reload actions
[12/06/2018 11:10] /reload actions
[12/06/2018 11:11] /reload actions
[12/06/2018 11:12] /reload actions
[12/06/2018 11:28] /reload actions
[12/06/2018 11:29] /reload actions
[12/06/2018 11:30] /reload actions
[12/06/2018 11:30] /reload actions
[12/06/2018 11:31] /reload actions
[12/06/2018 11:32] /reload actions
[12/06/2018 11:32] /reload actions
[12/06/2018 12:29] /reload actions
[12/06/2018 12:29] /reload actions
[12/06/2018 12:30] /reload actions
[12/06/2018 12:30] /reload actions
[12/06/2018 12:30] /reload actions
[12/06/2018 12:34] /reload talkactions
[12/06/2018 12:35] /reload talkactions
[12/06/2018 12:36] /reload talkactions
[12/06/2018 12:37] /reload talkactions
[12/06/2018 12:39] /reload creaturescripts
[12/06/2018 12:39] /reload creaturescripts
[12/06/2018 12:50] /reload creaturescripts
[12/06/2018 12:51] /reload actions
[12/06/2018 12:53] /reload creaturescripts
[12/06/2018 12:53] /reload creaturescripts
[12/06/2018 13:00] /reload creaturescripts
[12/06/2018 13:05] /reload creaturescripts
[12/06/2018 13:07] /reload talkactions
[12/06/2018 13:11] /reload creaturescripts
[12/06/2018 13:14] /reload talkactions
[12/06/2018 13:15] /reload talkactions
[12/06/2018 13:17] /reload talkactions
[12/06/2018 19:38] /reload spells
[12/06/2018 19:40] /reload spells
[12/06/2018 19:42] /reload spells
[12/06/2018 19:45] /reload spells
[12/06/2018 19:52] /reload spells
[13/06/2018 07:59] /reload spells
[13/06/2018 08:00] /reload spells
[13/06/2018 08:01] /reload spells
[13/06/2018 08:02] /reload spells
[13/06/2018 08:02] /reload spells
[13/06/2018 08:03] /reload spells
[13/06/2018 08:06] /reload spells
[13/06/2018 08:08] /reload spells
[13/06/2018 08:10] /reload spells
[13/06/2018 08:11] /reload spells
[13/06/2018 08:12] /reload spells
[13/06/2018 08:13] /reload spells
[13/06/2018 08:13] /reload spells
[13/06/2018 08:15] /reload spells
[13/06/2018 08:16] /reload spells
[13/06/2018 08:16] /reload spells
[13/06/2018 08:17] /reload spells
[13/06/2018 08:18] /reload spells
[13/06/2018 08:18] /reload spells
[13/06/2018 08:18] /reload spells
[13/06/2018 08:18] /reload spells
[13/06/2018 08:18] /reload spells
[13/06/2018 08:19] /reload spells
[13/06/2018 08:19] /reload spells
[13/06/2018 08:21] /reload spells
[13/06/2018 08:21] /reload spells
[13/06/2018 08:22] /reload spells
[13/06/2018 08:23] /reload spells
[13/06/2018 08:25] /reload spells
[13/06/2018 08:25] /reload spells
[13/06/2018 08:26] /reload spells
[13/06/2018 08:27] /reload spells
[13/06/2018 08:27] /reload spells
[13/06/2018 08:27] /reload spells
[13/06/2018 08:27] /reload spells
[13/06/2018 08:37] /reload spells
[13/06/2018 08:38] /reload spells
[13/06/2018 08:38] /reload spells
[13/06/2018 11:27] /reload spells
[13/06/2018 11:28] /reload spells
[13/06/2018 11:29] /reload spells
[13/06/2018 11:32] /reload spells
[13/06/2018 11:33] /reload spells
[13/06/2018 11:34] /reload spells
[13/06/2018 11:35] /reload spells
[13/06/2018 11:35] /reload spells
[13/06/2018 11:35] /reload spells
[13/06/2018 11:36] /reload spells
[13/06/2018 11:37] /reload spells
[13/06/2018 11:37] /reload spells
[13/06/2018 11:39] /reload spells
[13/06/2018 11:39] /reload spells
[13/06/2018 11:39] /reload spells
[13/06/2018 11:40] /reload spells
[13/06/2018 11:41] /reload spells
[13/06/2018 11:42] /reload spells
[13/06/2018 11:43] /reload spells
[13/06/2018 11:43] /reload spells
[13/06/2018 11:46] /reload spells
[13/06/2018 11:47] /reload spells
[13/06/2018 12:00] /reload spells
[13/06/2018 12:01] /reload spells
[13/06/2018 12:02] /reload spells
[13/06/2018 12:03] /reload spells
[13/06/2018 12:03] /reload spells
[13/06/2018 12:04] /reload spells
[13/06/2018 12:05] /reload spells
[13/06/2018 12:07] /reload spells
[13/06/2018 12:08] /reload spells
[13/06/2018 12:09] /reload spells
[13/06/2018 12:09] /reload spells
[13/06/2018 12:10] /reload spells
[13/06/2018 12:10] /reload spells
[13/06/2018 12:11] /reload spells
[13/06/2018 12:19] /reload spells
[13/06/2018 12:21] /reload spells
[13/06/2018 12:21] /reload spells
[13/06/2018 12:22] /reload spells
[13/06/2018 12:26] /reload npcs
[13/06/2018 12:26] /reload spells
[13/06/2018 12:27] /reload spells
[13/06/2018 12:46] /reload spells
[13/06/2018 12:47] /reload spells
[13/06/2018 12:48] /reload creaturescripts
[13/06/2018 12:50] /reload creaturescripts
[13/06/2018 12:51] /reload creaturescripts
[13/06/2018 12:52] /reload actions
[13/06/2018 12:53] /reload actions
[13/06/2018 15:08] /reload spells
[13/06/2018 15:13] /reload spells
[13/06/2018 15:13] /reload spells
[13/06/2018 15:14] /reload spells
[13/06/2018 15:14] /reload spells
[13/06/2018 15:17] /reload spells
[13/06/2018 15:19] /reload spells
[13/06/2018 15:20] /reload spells
[13/06/2018 15:20] /reload spells
[13/06/2018 15:21] /reload spells
[13/06/2018 15:21] /reload spells
[13/06/2018 15:29] /reload spells
[13/06/2018 15:30] /reload spells
[13/06/2018 15:31] /reload spells
[13/06/2018 15:31] /reload spells
[13/06/2018 15:32] /reload spells
[13/06/2018 15:33] /reload spells
[13/06/2018 15:34] /reload spells
[13/06/2018 15:34] /reload spells
[13/06/2018 15:37] /reload spells
[13/06/2018 15:49] /reload spells
[14/06/2018 08:11] /reload spells
[14/06/2018 08:12] /reload spells
[14/06/2018 08:12] /reload spells
[14/06/2018 08:14] /reload spells
[14/06/2018 08:15] /reload spells
[14/06/2018 08:15] /reload spells
[14/06/2018 08:15] /reload spells
[14/06/2018 08:17] /reload spells
[14/06/2018 08:17] /reload spells
[14/06/2018 08:19] /reload spells
[14/06/2018 08:19] /reload spells
[14/06/2018 08:20] /reload spells
[14/06/2018 08:23] /reload spells
[14/06/2018 08:24] /reload spells
[14/06/2018 08:24] /reload spells
[14/06/2018 08:24] /reload spells
[14/06/2018 08:24] /reload spells
[14/06/2018 08:25] /reload spells
[14/06/2018 08:26] /reload spells
[14/06/2018 08:27] /reload spells
[14/06/2018 08:27] /reload spells
[14/06/2018 08:28] /reload spells
[14/06/2018 08:30] /reload spells
[14/06/2018 08:31] /reload spells
[14/06/2018 08:31] /reload spells
[14/06/2018 08:31] /reload spells
[14/06/2018 08:31] /reload spells
[14/06/2018 08:34] /reload spells
[14/06/2018 08:34] /reload spells
[14/06/2018 08:34] /reload spells
[14/06/2018 08:35] /reload spells
[14/06/2018 08:35] /reload spells
[14/06/2018 08:35] /reload spells
[14/06/2018 08:35] /reload spells
[14/06/2018 08:35] /reload spells
[14/06/2018 08:46] /reload npcs
[14/06/2018 08:47] /reload npcs
[14/06/2018 08:48] /reload npcs
[14/06/2018 08:51] /reload npcs
[14/06/2018 12:38] /reload spells
[14/06/2018 12:38] /reload spells
[14/06/2018 12:39] /reload spells
[14/06/2018 12:41] /reload spells
[14/06/2018 12:41] /reload spells
[14/06/2018 12:43] /reload spells
[14/06/2018 12:43] /reload spells
[14/06/2018 12:43] /reload spells
[14/06/2018 12:44] /reload spells
[14/06/2018 12:45] /reload spells
[14/06/2018 12:46] /reload spells
[14/06/2018 12:46] /reload spells
[14/06/2018 12:47] /reload spells
[14/06/2018 12:47] /reload spells
[14/06/2018 12:47] /reload spells
[15/06/2018 08:24] /reload spells
[15/06/2018 08:25] /reload spells
[15/06/2018 08:25] /reload spells
[15/06/2018 08:26] /reload spells
[15/06/2018 08:26] /reload spells
[15/06/2018 08:29] /reload spells
[15/06/2018 08:33] /reload spells
[15/06/2018 08:34] /reload spells
[15/06/2018 08:35] /reload spells
[15/06/2018 08:36] /reload spells
[15/06/2018 08:36] /reload spells
[15/06/2018 08:37] /reload spells
[15/06/2018 08:40] /reload spells
[15/06/2018 08:40] /reload spells
[15/06/2018 08:42] /reload spells
[15/06/2018 08:42] /reload spells
[15/06/2018 08:43] /reload spells
[15/06/2018 08:43] /reload spells
[15/06/2018 08:44] /reload spells
[15/06/2018 08:44] /reload spells
[15/06/2018 08:45] /reload spells
[15/06/2018 08:46] /reload spells
[15/06/2018 08:54] /reload spells
[15/06/2018 08:55] /reload spells
[15/06/2018 08:56] /reload spells
[15/06/2018 08:56] /reload spells
[15/06/2018 08:56] /reload spells
[15/06/2018 08:57] /reload spells
[15/06/2018 12:11] /reload spells
[15/06/2018 12:12] /reload spells
[15/06/2018 12:13] /reload spells
[15/06/2018 12:13] /reload spells
[15/06/2018 12:14] /reload spells
[15/06/2018 12:15] /reload spells
[15/06/2018 12:16] /reload spells
[15/06/2018 12:16] /reload spells
[15/06/2018 12:17] /reload spells
[15/06/2018 12:18] /reload spells
[15/06/2018 12:19] /reload spells
[15/06/2018 12:21] /reload spells
[15/06/2018 12:23] /reload spells
[15/06/2018 12:24] /reload spells
[15/06/2018 12:26] /reload spells
[15/06/2018 12:27] /reload spells
[15/06/2018 12:29] /reload spells
[15/06/2018 12:30] /reload spells
[15/06/2018 12:31] /reload spells
[15/06/2018 12:31] /reload spells
[15/06/2018 12:34] /reload spells
[15/06/2018 12:36] /reload spells
[15/06/2018 12:36] /reload spells
[15/06/2018 12:38] /reload spells
[15/06/2018 12:38] /reload spells
[15/06/2018 12:38] /reload spells
[15/06/2018 12:40] /reload spells
[15/06/2018 12:40] /reload spells
[15/06/2018 12:40] /reload spells
[15/06/2018 12:42] /reload spells
[15/06/2018 12:43] /reload spells
[15/06/2018 12:43] /reload spells
[15/06/2018 12:45] /reload spells
[15/06/2018 12:47] /reload spells
[15/06/2018 12:47] /reload spells
[15/06/2018 12:48] /reload spells
[15/06/2018 12:48] /reload spells
[15/06/2018 12:48] /reload spells
[15/06/2018 12:50] /reload spells
[15/06/2018 12:53] /reload spells
[15/06/2018 12:54] /reload spells
[15/06/2018 12:55] /reload spells
[15/06/2018 12:57] /reload spells
[15/06/2018 12:57] /reload spells
[15/06/2018 12:59] /reload spells
[15/06/2018 12:59] /reload spells
[15/06/2018 13:02] /reload spells
[15/06/2018 13:03] /reload spells
[15/06/2018 13:03] /reload spells
[15/06/2018 13:04] /reload spells
[15/06/2018 13:05] /reload spells
[17/06/2018 22:56] /reload spells
[17/06/2018 22:57] /reload spells
[17/06/2018 22:58] /reload spells
[17/06/2018 23:00] /reload spells
[17/06/2018 23:00] /reload spells
[17/06/2018 23:02] /reload spells
[17/06/2018 23:03] /reload spells
[17/06/2018 23:04] /reload spells
[17/06/2018 23:05] /reload spells
[18/06/2018 08:16] /reload spells
[18/06/2018 08:16] /reload spells
[18/06/2018 08:16] /reload spells
[18/06/2018 08:19] /reload spells
[18/06/2018 08:22] /reload spells
[18/06/2018 08:23] /reload spells
[18/06/2018 08:23] /reload spells
[18/06/2018 08:23] /reload spells
[18/06/2018 08:24] /reload spells
[18/06/2018 08:24] /reload spells
[18/06/2018 08:25] /reload spells
[18/06/2018 08:25] /reload spells
[18/06/2018 08:26] /reload spells
[18/06/2018 08:27] /reload spells
[18/06/2018 08:31] /reload spells
[18/06/2018 08:35] /reload spells
[18/06/2018 08:35] /reload spells
[18/06/2018 08:41] /reload spells
[18/06/2018 17:24] /reload spells
[18/06/2018 17:25] /reload spells
[18/06/2018 17:25] /reload spells
[18/06/2018 17:26] /reload spells
[18/06/2018 17:26] /reload spells
[18/06/2018 17:26] /reload spells
[19/06/2018 08:29] /reload spells
[19/06/2018 08:41] /reload spells
[19/06/2018 08:42] /reload spells
[19/06/2018 08:42] /reload spells
[19/06/2018 08:43] /reload spells
[19/06/2018 08:44] /reload spells
[19/06/2018 08:45] /reload spells
[19/06/2018 08:45] /reload spells
[19/06/2018 08:52] /reload spells
[19/06/2018 08:55] /reload spells
[19/06/2018 08:56] /reload spells
[19/06/2018 08:57] /reload spells
[19/06/2018 08:58] /reload spells
[19/06/2018 08:58] /reload spells
[19/06/2018 09:00] /reload spells
[19/06/2018 09:01] /reload spells
[19/06/2018 09:01] /reload spells
[19/06/2018 17:05] /reload spells
[19/06/2018 17:05] /reload spells
[19/06/2018 17:07] /reload spells
[19/06/2018 17:08] /reload spells
[19/06/2018 17:10] /reload spells
[19/06/2018 17:10] /reload spells
[19/06/2018 17:11] /reload spells
[19/06/2018 17:11] /reload spells
[19/06/2018 17:12] /reload spells
[19/06/2018 17:12] /reload spells
[19/06/2018 17:24] /reload spells
[19/06/2018 17:25] /reload spells
[19/06/2018 17:28] /reload spells
[19/06/2018 17:29] /reload spells
[19/06/2018 17:30] /reload spells
[19/06/2018 17:33] /reload spells
[19/06/2018 17:33] /reload spells
[19/06/2018 17:34] /reload spells
[19/06/2018 17:35] /reload spells
[19/06/2018 17:35] /reload spells
[19/06/2018 17:35] /reload spells
[19/06/2018 17:36] /reload spells
[20/06/2018 17:37] /reload spells
[20/06/2018 17:37] /reload creaturescripts
[20/06/2018 17:38] /reload creaturescripts
[20/06/2018 17:40] /reload talkactions
[20/06/2018 17:40] /reload talkactions
[20/06/2018 17:40] /reload talkactions
[20/06/2018 17:40] /reload talkactions
[20/06/2018 17:42] /reload talkactions
[20/06/2018 17:43] /reload talkactions
[20/06/2018 18:01] /reload creaturescripts
[20/06/2018 18:02] /reload creaturescripts
[20/06/2018 18:03] /reload creaturescripts
[20/06/2018 18:21] /reload talkactions
[20/06/2018 18:21] /reload creaturescripts
[20/06/2018 18:21] /reload talkactions
[22/06/2018 08:46] /reload talkactions
[22/06/2018 08:46] /reload talkactions
[22/06/2018 08:47] /reload talkactions
[22/06/2018 08:47] /reload talkactions
[22/06/2018 08:50] /reload talkactions
[22/06/2018 08:51] /reload talkactions
[22/06/2018 08:52] /reload talkactions
[22/06/2018 08:52] /reload talkactions
[22/06/2018 08:53] /reload talkactions
[22/06/2018 08:53] /reload talkactions
[22/06/2018 08:54] /reload talkactions
[22/06/2018 08:54] /reload talkactions
[22/06/2018 08:55] /reload talkactions
[22/06/2018 08:55] /reload talkactions
[22/06/2018 08:56] /reload talkactions
[22/06/2018 08:58] /reload talkactions
[22/06/2018 09:01] /reload talkactions
[22/06/2018 09:01] /reload talkactions
[22/06/2018 09:01] /reload talkactions
[22/06/2018 09:01] /reload talkactions
[22/06/2018 09:02] /reload talkactions
[22/06/2018 09:02] /reload talkactions
[22/06/2018 09:03] /reload talkactions
[22/06/2018 09:04] /reload talkactions
[22/06/2018 09:13] /reload talkactions
[22/06/2018 09:14] /reload talkactions
[22/06/2018 12:42] /reload talkactions
[22/06/2018 12:47] /reload spells
[22/06/2018 12:57] /reload spells
[22/06/2018 12:57] /reload spells
[22/06/2018 12:57] /reload spells
[22/06/2018 12:58] /reload spells
[22/06/2018 12:58] /reload spells
[22/06/2018 12:59] /reload spells
[22/06/2018 12:59] /reload spells
[22/06/2018 13:00] /reload spells
[22/06/2018 13:00] /reload spells
[22/06/2018 13:01] /reload spells
[22/06/2018 13:02] /reload spells
[22/06/2018 13:02] /reload spells
[22/06/2018 13:02] /reload spells
[22/06/2018 15:08] /reload spells
[22/06/2018 15:08] /reload spells
[22/06/2018 15:09] /reload spells
[22/06/2018 15:10] /reload spells
[22/06/2018 15:12] /reload spells
[22/06/2018 15:13] /reload spells
[22/06/2018 15:14] /reload spells
[22/06/2018 15:15] /reload spells
[22/06/2018 15:15] /reload spells
[22/06/2018 15:15] /reload spells
[22/06/2018 15:15] /reload spells
[22/06/2018 15:15] /reload spells
[22/06/2018 15:15] /reload spells
[22/06/2018 15:16] /reload spells
[22/06/2018 15:18] /reload spells
[22/06/2018 15:19] /reload spells
[22/06/2018 15:20] /reload spells
[22/06/2018 15:20] /reload spells
[22/06/2018 15:20] /reload spells
[22/06/2018 15:20] /reload spells
[22/06/2018 15:21] /reload spells
[22/06/2018 15:21] /reload spells
[22/06/2018 15:24] /reload spells
[22/06/2018 16:49] /reload spells
[22/06/2018 16:54] /reload spells
[22/06/2018 16:55] /reload spells
[22/06/2018 16:55] /reload spells
[22/06/2018 17:39] /reload talkactions
[22/06/2018 17:51] /reload talkactions
[22/06/2018 17:54] /reload talkactions
[22/06/2018 17:55] /reload talkactions
[22/06/2018 17:57] /reload talkactions
[22/06/2018 17:59] /reload talkactions
[22/06/2018 18:00] /reload talkactions
[22/06/2018 19:08] /reload spells
[22/06/2018 19:09] /reload spells
[22/06/2018 19:10] /reload spells
[22/06/2018 19:10] /reload spells
[22/06/2018 19:11] /reload spells
[22/06/2018 19:12] /reload spells
[22/06/2018 19:12] /reload spells
[22/06/2018 19:13] /reload spells
[22/06/2018 19:16] /reload spells
[22/06/2018 19:17] /reload spells
[22/06/2018 19:20] /reload spells
[22/06/2018 19:20] /reload spells
[22/06/2018 19:21] /reload spells
[22/06/2018 19:21] /reload spells
[22/06/2018 19:21] /reload spells
[22/06/2018 19:21] /reload spells
[22/06/2018 19:22] /reload spells
[22/06/2018 19:22] /reload spells
[22/06/2018 19:22] /reload spells
[22/06/2018 19:22] /reload spells
[22/06/2018 19:22] /reload spells
[22/06/2018 19:23] /reload spells
[22/06/2018 19:23] /reload spells
[22/06/2018 19:24] /reload spells
[22/06/2018 19:25] /reload spells
[22/06/2018 19:25] /reload spells
[22/06/2018 19:25] /reload spells
[22/06/2018 19:26] /reload spells
[22/06/2018 19:26] /reload spells
[22/06/2018 19:26] /reload spells
[22/06/2018 19:29] /reload spells
[22/06/2018 19:29] /reload spells
[22/06/2018 19:30] /reload spells
[22/06/2018 19:30] /reload spells
[22/06/2018 19:31] /reload spells
[22/06/2018 19:31] /reload spells
[22/06/2018 19:31] /reload spells
[22/06/2018 19:31] /reload spells
[22/06/2018 19:32] /reload spells
[22/06/2018 19:33] /reload spells
[22/06/2018 19:33] /reload spells
[22/06/2018 19:33] /reload spells
[22/06/2018 19:34] /reload spells
[22/06/2018 19:34] /reload spells
[22/06/2018 19:34] /reload spells
[22/06/2018 19:34] /reload spells
[22/06/2018 19:42] /reload spells
[22/06/2018 19:44] /reload spells
[22/06/2018 19:45] /reload spells
[22/06/2018 19:46] /reload spells
[22/06/2018 19:46] /reload spells
[22/06/2018 19:48] /reload spells
[22/06/2018 19:48] /reload spells
[22/06/2018 19:49] /reload spells
[22/06/2018 19:52] /reload spells
[22/06/2018 19:54] /reload spells
[22/06/2018 19:54] /reload spells
[22/06/2018 19:55] /reload spells
[22/06/2018 19:55] /reload spells
[22/06/2018 19:56] /reload spells
[22/06/2018 19:56] /reload spells
[22/06/2018 19:57] /reload spells
[22/06/2018 19:57] /reload spells
[22/06/2018 19:58] /reload spells
[22/06/2018 19:59] /reload spells
[22/06/2018 19:59] /reload spells
[27/06/2018 12:16] /reload talkactions
[27/06/2018 12:17] /reload creaturescripts
[27/06/2018 12:20] /reload talkactions
[27/06/2018 12:24] /reload talkactions
[27/06/2018 12:24] /reload talkactions
[27/06/2018 12:26] /reload talkactions
[27/06/2018 12:34] /reload spells
[27/06/2018 12:34] /reload spells
[27/06/2018 12:35] /reload spells
[27/06/2018 12:35] /reload spells
[27/06/2018 12:35] /reload spells
[27/06/2018 12:36] /reload spells
[27/06/2018 12:36] /reload spells
[27/06/2018 12:36] /reload spells
[27/06/2018 12:37] /reload spells
[27/06/2018 12:37] /reload spells
[27/06/2018 12:37] /reload spells
[27/06/2018 12:38] /reload spells
[27/06/2018 12:39] /reload spells
[27/06/2018 12:42] /reload spells
[27/06/2018 12:43] /reload spells
[27/06/2018 12:46] /reload spells
[27/06/2018 12:47] /reload spells
[27/06/2018 12:47] /reload spells
[27/06/2018 12:49] /reload spells
[27/06/2018 12:50] /reload spells
[27/06/2018 12:50] /reload spells
[27/06/2018 12:50] /reload spells
[27/06/2018 12:50] /reload spells
[27/06/2018 12:52] /reload spells
[27/06/2018 17:00] /reload creaturescripts
[27/06/2018 17:03] /reload creaturescripts
[28/06/2018 08:24] /reload creaturescripts
[28/06/2018 08:38] /reload creaturescripts
[28/06/2018 12:48] /reload spells
[28/06/2018 12:49] /reload spells
[28/06/2018 12:50] /reload spells
[28/06/2018 12:51] /reload spells
[28/06/2018 12:51] /reload spells
[28/06/2018 12:54] /reload spells
[28/06/2018 12:54] /reload spells
[28/06/2018 12:54] /reload spells
[28/06/2018 12:54] /reload spells
[28/06/2018 12:56] /reload spells
[28/06/2018 12:56] /reload creaturescripts
[28/06/2018 12:57] /reload spells
[28/06/2018 14:12] /reload spells
[28/06/2018 14:14] /reload spells
[28/06/2018 14:16] /reload spells
[28/06/2018 14:17] /reload spells
[28/06/2018 14:17] /reload spells
[28/06/2018 14:18] /reload spells
[28/06/2018 14:19] /reload spells
[28/06/2018 14:19] /reload spells
[28/06/2018 14:23] /reload spells
[28/06/2018 14:23] /reload spells
[28/06/2018 14:24] /reload spells
[28/06/2018 14:25] /reload spells
[28/06/2018 14:28] /reload spells
[28/06/2018 14:29] /reload spells
[28/06/2018 14:31] /reload spells
[28/06/2018 14:31] /reload spells
[28/06/2018 14:46] /reload spells
[28/06/2018 14:46] /reload spells
[28/06/2018 14:46] /reload spells
[28/06/2018 14:46] /reload spells
[28/06/2018 16:23] /reload spells
[28/06/2018 16:24] /reload spells
[28/06/2018 16:24] /reload spells
[28/06/2018 16:25] /reload spells
[28/06/2018 16:27] /reload spells
[28/06/2018 16:28] /reload spells
[28/06/2018 16:29] /reload spells
[28/06/2018 16:31] /reload spells
[28/06/2018 16:33] /reload spells
[28/06/2018 16:35] /reload spells
[28/06/2018 16:36] /reload spells
[28/06/2018 17:22] /reload spells
[28/06/2018 17:25] /reload spells
[28/06/2018 17:28] /reload spells
[28/06/2018 17:48] /reload spells
[28/06/2018 17:48] /reload spells
[28/06/2018 17:49] /reload spells
[28/06/2018 17:58] /reload spells
[28/06/2018 18:00] /reload spells
[28/06/2018 18:01] /reload spells
[28/06/2018 18:02] /reload spells
[28/06/2018 18:03] /reload spells
[28/06/2018 18:06] /reload spells
[28/06/2018 18:07] /reload spells
[28/06/2018 18:07] /reload spells
[28/06/2018 18:08] /reload spells
[28/06/2018 18:08] /reload spells
[28/06/2018 18:15] /reload spells
[28/06/2018 18:17] /reload spells
[28/06/2018 18:19] /reload spells
[28/06/2018 18:22] /reload spells
[28/06/2018 18:22] /reload spells
[28/06/2018 18:23] /reload spells
[28/06/2018 18:25] /reload spells
[28/06/2018 18:25] /reload spells
[28/06/2018 18:26] /reload spells
[28/06/2018 18:26] /reload spells
[28/06/2018 18:26] /reload spells
[28/06/2018 18:27] /reload spells
[28/06/2018 18:27] /reload spells
[28/06/2018 18:29] /reload spells
[28/06/2018 18:29] /reload spells
[28/06/2018 18:32] /reload creaturescripts
[29/06/2018 08:35] /reload spells
